"../../../Engine/Content/EngineResources/DefaultTexture.ubulk" 0
"../../../Engine/Content/EngineResources/DefaultTexture.uasset" 1
"../../../Engine/Content/EngineResources/DefaultTexture.uexp" 2
"../../../Engine/Content/EngineResources/DefaultTextureCube.uasset" 3
"../../../Engine/Content/EngineResources/DefaultTextureCube.uexp" 4
"../../../Engine/Content/EngineResources/DefaultVolumeTexture2D.uasset" 5
"../../../Engine/Content/EngineResources/DefaultVolumeTexture2D.uexp" 6
"../../../Engine/Content/EngineResources/DefaultVolumeTexture.uasset" 7
"../../../Engine/Content/EngineResources/DefaultVolumeTexture.uexp" 8
"../../../Engine/Content/EngineMeshes/Sphere.ubulk" 9
"../../../Engine/Content/EngineMeshes/Sphere.uasset" 10
"../../../Engine/Content/EngineMeshes/Sphere.uexp" 11
"../../../Engine/Content/EngineResources/GradientTexture0.uasset" 12
"../../../Engine/Content/EngineResources/GradientTexture0.uexp" 13
"../../../Engine/Content/EngineResources/Black.uasset" 14
"../../../Engine/Content/EngineResources/Black.uexp" 15
"../../../Engine/Content/EngineMaterials/T_Default_Material_Grid_M.ubulk" 16
"../../../Engine/Content/EngineMaterials/T_Default_Material_Grid_M.uasset" 17
"../../../Engine/Content/EngineMaterials/T_Default_Material_Grid_M.uexp" 18
"../../../Engine/Content/EngineMaterials/T_Default_Material_Grid_N.ubulk" 19
"../../../Engine/Content/EngineMaterials/T_Default_Material_Grid_N.uasset" 20
"../../../Engine/Content/EngineMaterials/T_Default_Material_Grid_N.uexp" 21
"../../../Engine/Content/Functions/Engine_MaterialFunctions01/Opacity/CameraDepthFade.uasset" 22
"../../../Engine/Content/Functions/Engine_MaterialFunctions01/Opacity/CameraDepthFade.uexp" 23
"../../../Engine/Content/EngineMaterials/WorldGridMaterial.uasset" 24
"../../../Engine/Content/EngineMaterials/WorldGridMaterial.uexp" 25
"../../../Engine/Content/ArtTools/RenderToTexture/Meshes/S_1_Unit_Plane.ubulk" 26
"../../../Engine/Content/ArtTools/RenderToTexture/Meshes/S_1_Unit_Plane.uasset" 27
"../../../Engine/Content/ArtTools/RenderToTexture/Meshes/S_1_Unit_Plane.uexp" 28
"../../../Engine/Plugins/Media/MediaPlate/Content/SM_MediaPlateScreen.ubulk" 29
"../../../Engine/Plugins/Media/MediaPlate/Content/SM_MediaPlateScreen.uasset" 30
"../../../Engine/Plugins/Media/MediaPlate/Content/SM_MediaPlateScreen.uexp" 31
"../../../Engine/Content/EngineMaterials/Good64x64TilingNoiseHighFreq.uasset" 32
"../../../Engine/Content/EngineMaterials/Good64x64TilingNoiseHighFreq.uexp" 33
"../../../Engine/Content/EngineMaterials/DefaultBokeh.uasset" 34
"../../../Engine/Content/EngineMaterials/DefaultBokeh.uexp" 35
"../../../Engine/Content/EngineMaterials/PreintegratedSkinBRDF.uasset" 36
"../../../Engine/Content/EngineMaterials/PreintegratedSkinBRDF.uexp" 37
"../../../Engine/Content/EngineMaterials/MiniFont.uasset" 38
"../../../Engine/Content/EngineMaterials/MiniFont.uexp" 39
"../../../Engine/Content/EngineMaterials/WeightMapPlaceholderTexture.uasset" 40
"../../../Engine/Content/EngineMaterials/WeightMapPlaceholderTexture.uexp" 41
"../../../Engine/Content/EngineMaterials/DefaultWhiteGrid.ubulk" 42
"../../../Engine/Content/EngineMaterials/DefaultWhiteGrid.uasset" 43
"../../../Engine/Content/EngineMaterials/DefaultWhiteGrid.uexp" 44
"../../../Engine/Content/Functions/Engine_MaterialFunctions02/WorldPositionOffset/CameraOffset.uasset" 45
"../../../Engine/Content/Functions/Engine_MaterialFunctions02/WorldPositionOffset/CameraOffset.uexp" 46
"../../../Engine/Plugins/Animation/ControlRig/Content/M_Manip.uasset" 47
"../../../Engine/Plugins/Animation/ControlRig/Content/M_Manip.uexp" 48
"../../../Engine/Plugins/2D/Paper2D/Content/PlaceholderTextures/DummySpriteTexture.ubulk" 49
"../../../Engine/Plugins/2D/Paper2D/Content/PlaceholderTextures/DummySpriteTexture.uasset" 50
"../../../Engine/Plugins/2D/Paper2D/Content/PlaceholderTextures/DummySpriteTexture.uexp" 51
"../../../Engine/Plugins/2D/Paper2D/Content/DefaultSpriteMaterial.uasset" 52
"../../../Engine/Plugins/2D/Paper2D/Content/DefaultSpriteMaterial.uexp" 53
"../../../Engine/Plugins/2D/Paper2D/Content/OpaqueUnlitSpriteMaterial.uasset" 54
"../../../Engine/Plugins/2D/Paper2D/Content/OpaqueUnlitSpriteMaterial.uexp" 55
"../../../Engine/Plugins/2D/Paper2D/Content/MaskedUnlitSpriteMaterial.uasset" 56
"../../../Engine/Plugins/2D/Paper2D/Content/MaskedUnlitSpriteMaterial.uexp" 57
"../../../Engine/Plugins/2D/Paper2D/Content/DummySprite.uasset" 58
"../../../Engine/Plugins/2D/Paper2D/Content/DummySprite.uexp" 59
"../../../Engine/Plugins/2D/Paper2D/Content/DefaultPaperTerrainMaterial.uasset" 60
"../../../Engine/Plugins/2D/Paper2D/Content/DefaultPaperTerrainMaterial.uexp" 61
"../../../Engine/Content/EngineResources/WhiteSquareTexture.uasset" 62
"../../../Engine/Content/EngineResources/WhiteSquareTexture.uexp" 63
"../../../Engine/Content/EngineMaterials/Widget3DPassThrough.uasset" 64
"../../../Engine/Content/EngineMaterials/Widget3DPassThrough.uexp" 65
"../../../Engine/Content/EngineMaterials/Widget3DPassThrough_Translucent.uasset" 66
"../../../Engine/Content/EngineMaterials/Widget3DPassThrough_Translucent.uexp" 67
"../../../Engine/Content/EngineMaterials/Widget3DPassThrough_Translucent_OneSided.uasset" 68
"../../../Engine/Content/EngineMaterials/Widget3DPassThrough_Translucent_OneSided.uexp" 69
"../../../Engine/Content/EngineMaterials/Widget3DPassThrough_Opaque.uasset" 70
"../../../Engine/Content/EngineMaterials/Widget3DPassThrough_Opaque.uexp" 71
"../../../Engine/Content/EngineMaterials/Widget3DPassThrough_Opaque_OneSided.uasset" 72
"../../../Engine/Content/EngineMaterials/Widget3DPassThrough_Opaque_OneSided.uexp" 73
"../../../Engine/Content/EngineMaterials/Widget3DPassThrough_Masked_OneSided.uasset" 74
"../../../Engine/Content/EngineMaterials/Widget3DPassThrough_Masked_OneSided.uexp" 75
"../../../Engine/Content/EngineMaterials/Widget3DPassThrough_Masked.uasset" 76
"../../../Engine/Content/EngineMaterials/Widget3DPassThrough_Masked.uexp" 77
"../../../Engine/Content/EngineMaterials/STBlueNoise_vec2_128x128x64.uasset" 78
"../../../Engine/Content/EngineMaterials/STBlueNoise_vec2_128x128x64.uexp" 79
"../../../Engine/Content/EngineMaterials/STBlueNoise_scalar_128x128x64.uasset" 80
"../../../Engine/Content/EngineMaterials/STBlueNoise_scalar_128x128x64.uexp" 81
"../../../Engine/Content/EngineMaterials/RemoveSurfaceMaterial.uasset" 82
"../../../Engine/Content/EngineMaterials/RemoveSurfaceMaterial.uexp" 83
"../../../Engine/Content/EngineMaterials/DefaultCalibrationGrayscale.uasset" 84
"../../../Engine/Content/EngineMaterials/DefaultCalibrationGrayscale.uexp" 85
"../../../Engine/Content/EngineMaterials/PPM_DefaultCalibrationGrayscale.uasset" 86
"../../../Engine/Content/EngineMaterials/PPM_DefaultCalibrationGrayscale.uexp" 87
"../../../Engine/Content/EngineMaterials/DefaultCalibrationColor.uasset" 88
"../../../Engine/Content/EngineMaterials/DefaultCalibrationColor.uexp" 89
"../../../Engine/Content/EngineMaterials/PPM_DefaultCalibrationColor.uasset" 90
"../../../Engine/Content/EngineMaterials/PPM_DefaultCalibrationColor.uexp" 91
"../../../Engine/Content/EngineMaterials/PhAT_JointLimitMaterial.uasset" 92
"../../../Engine/Content/EngineMaterials/PhAT_JointLimitMaterial.uexp" 93
"../../../Engine/Content/EngineMaterials/NaniteHiddenSectionMaterial.uasset" 94
"../../../Engine/Content/EngineMaterials/NaniteHiddenSectionMaterial.uexp" 95
"../../../Engine/Content/EngineMaterials/InvalidLightmapSettings.ubulk" 96
"../../../Engine/Content/EngineMaterials/InvalidLightmapSettings.uasset" 97
"../../../Engine/Content/EngineMaterials/InvalidLightmapSettings.uexp" 98
"../../../Engine/Content/EngineMaterials/M_InvalidLightmapSettings.uasset" 99
"../../../Engine/Content/EngineMaterials/M_InvalidLightmapSettings.uexp" 100
"../../../Engine/Content/EngineMaterials/GizmoMaterial.uasset" 101
"../../../Engine/Content/EngineMaterials/GizmoMaterial.uexp" 102
"../../../Engine/Content/EngineMaterials/BaseFlattenEmissiveMap_VT.uasset" 103
"../../../Engine/Content/EngineMaterials/BaseFlattenEmissiveMap_VT.uexp" 104
"../../../Engine/Content/EngineMaterials/BaseFlattenGrayscaleMap_VT.uasset" 105
"../../../Engine/Content/EngineMaterials/BaseFlattenGrayscaleMap_VT.uexp" 106
"../../../Engine/Content/EngineMaterials/BaseFlattenLinearColor_VT.uasset" 107
"../../../Engine/Content/EngineMaterials/BaseFlattenLinearColor_VT.uexp" 108
"../../../Engine/Content/EngineMaterials/Black_1x1_EXR_Texture_VT.uasset" 109
"../../../Engine/Content/EngineMaterials/Black_1x1_EXR_Texture_VT.uexp" 110
"../../../Engine/Content/EngineMaterials/BaseFlattenDiffuseMap_VT.uasset" 111
"../../../Engine/Content/EngineMaterials/BaseFlattenDiffuseMap_VT.uexp" 112
"../../../Engine/Content/EngineMaterials/BaseFlattenNormalMap_VT.uasset" 113
"../../../Engine/Content/EngineMaterials/BaseFlattenNormalMap_VT.uexp" 114
"../../../Engine/Content/EngineMaterials/FlattenMaterial_WS_Normal_VT.uasset" 115
"../../../Engine/Content/EngineMaterials/FlattenMaterial_WS_Normal_VT.uexp" 116
"../../../Engine/Content/EngineMaterials/FlattenMaterial_VT.uasset" 117
"../../../Engine/Content/EngineMaterials/FlattenMaterial_VT.uexp" 118
"../../../Engine/Content/EngineMaterials/BaseFlattenNormalMap.uasset" 119
"../../../Engine/Content/EngineMaterials/BaseFlattenNormalMap.uexp" 120
"../../../Engine/Content/EngineMaterials/BaseFlattenGrayscaleMap.uasset" 121
"../../../Engine/Content/EngineMaterials/BaseFlattenGrayscaleMap.uexp" 122
"../../../Engine/Content/EngineMaterials/BaseFlattenDiffuseMap.uasset" 123
"../../../Engine/Content/EngineMaterials/BaseFlattenDiffuseMap.uexp" 124
"../../../Engine/Content/Functions/Engine_MaterialFunctions02/PivotPainter2/Black_1x1_EXR_Texture.uasset" 125
"../../../Engine/Content/Functions/Engine_MaterialFunctions02/PivotPainter2/Black_1x1_EXR_Texture.uexp" 126
"../../../Engine/Content/EngineMaterials/BaseFlattenEmissiveMap.uasset" 127
"../../../Engine/Content/EngineMaterials/BaseFlattenEmissiveMap.uexp" 128
"../../../Engine/Content/EngineMaterials/BaseFlattenLinearColor.uasset" 129
"../../../Engine/Content/EngineMaterials/BaseFlattenLinearColor.uexp" 130
"../../../Engine/Content/EngineMaterials/FlattenMaterial.uasset" 131
"../../../Engine/Content/EngineMaterials/FlattenMaterial.uexp" 132
"../../../Engine/Content/EngineMaterials/DefaultWhiteGrid_Low.uasset" 133
"../../../Engine/Content/EngineMaterials/DefaultWhiteGrid_Low.uexp" 134
"../../../Engine/Content/EngineMaterials/EmissiveMeshMaterial.uasset" 135
"../../../Engine/Content/EngineMaterials/EmissiveMeshMaterial.uexp" 136
"../../../Engine/Content/EngineFonts/RobotoDistanceField.uasset" 137
"../../../Engine/Content/EngineFonts/RobotoDistanceField.uexp" 138
"../../../Engine/Content/EngineMaterials/DefaultTextMaterialOpaque.uasset" 139
"../../../Engine/Content/EngineMaterials/DefaultTextMaterialOpaque.uexp" 140
"../../../Engine/Content/EngineMaterials/DefaultDiffuse.ubulk" 141
"../../../Engine/Content/EngineMaterials/DefaultDiffuse.uasset" 142
"../../../Engine/Content/EngineMaterials/DefaultDiffuse.uexp" 143
"../../../Engine/Content/Functions/Engine_MaterialFunctions02/Utility/BreakOutFloat2Components.uasset" 144
"../../../Engine/Content/Functions/Engine_MaterialFunctions02/Utility/BreakOutFloat2Components.uexp" 145
"../../../Engine/Content/EngineMaterials/DefaultPostProcessMaterial.uasset" 146
"../../../Engine/Content/EngineMaterials/DefaultPostProcessMaterial.uexp" 147
"../../../Engine/Content/EngineMaterials/DefaultPhysicalMaterial.uasset" 148
"../../../Engine/Content/EngineMaterials/DefaultPhysicalMaterial.uexp" 149
"../../../Engine/Content/EngineMaterials/DefaultLightFunctionMaterial.uasset" 150
"../../../Engine/Content/EngineMaterials/DefaultLightFunctionMaterial.uexp" 151
"../../../Engine/Content/EngineMaterials/DefaultDestructiblePhysicalMaterial.uasset" 152
"../../../Engine/Content/EngineMaterials/DefaultDestructiblePhysicalMaterial.uexp" 153
"../../../Engine/Content/EngineMaterials/DefaultDeferredDecalMaterial.uasset" 154
"../../../Engine/Content/EngineMaterials/DefaultDeferredDecalMaterial.uexp" 155
"../../../Engine/Content/EngineMaterials/DefaultBloomKernel.uasset" 156
"../../../Engine/Content/EngineMaterials/DefaultBloomKernel.uexp" 157
"../../../Engine/Content/EngineFonts/Faces/RobotoLight.uexp" 158
"../../../Engine/Content/EngineFonts/Faces/RobotoLight.uasset" 159
"../../../Engine/Content/EngineFonts/Faces/RobotoLight.ufont" 160
"../../../Engine/Content/EngineFonts/Faces/RobotoBold.uexp" 161
"../../../Engine/Content/EngineFonts/Faces/RobotoBold.uasset" 162
"../../../Engine/Content/EngineFonts/Faces/RobotoBold.ufont" 163
"../../../Engine/Content/EngineFonts/Faces/RobotoRegular.uexp" 164
"../../../Engine/Content/EngineFonts/Faces/RobotoRegular.uasset" 165
"../../../Engine/Content/EngineFonts/Faces/RobotoRegular.ufont" 166
"../../../Engine/Content/EngineFonts/Faces/DroidSansFallback.uexp" 167
"../../../Engine/Content/EngineFonts/Faces/DroidSansFallback.uasset" 168
"../../../Engine/Content/EngineFonts/Faces/DroidSansFallback.ufont" 169
"../../../Engine/Content/EngineFonts/Faces/RobotoItalic.uexp" 170
"../../../Engine/Content/EngineFonts/Faces/RobotoItalic.uasset" 171
"../../../Engine/Content/EngineFonts/Faces/RobotoItalic.ufont" 172
"../../../Engine/Content/EngineFonts/Faces/RobotoBoldItalic.uexp" 173
"../../../Engine/Content/EngineFonts/Faces/RobotoBoldItalic.uasset" 174
"../../../Engine/Content/EngineFonts/Faces/RobotoBoldItalic.ufont" 175
"../../../Engine/Content/EngineFonts/Roboto.uasset" 176
"../../../Engine/Content/EngineFonts/Roboto.uexp" 177
"../../../Engine/Content/Functions/Engine_MaterialFunctions02/Utility/CameraDirectionVector.uasset" 178
"../../../Engine/Content/Functions/Engine_MaterialFunctions02/Utility/CameraDirectionVector.uexp" 179
"../../../Engine/Content/EngineDebugMaterials/VolumeToRender.uasset" 180
"../../../Engine/Content/EngineDebugMaterials/VolumeToRender.uexp" 181
"../../../Engine/Content/EngineDebugMaterials/M_VolumeRenderSphereTracePP.uasset" 182
"../../../Engine/Content/EngineDebugMaterials/M_VolumeRenderSphereTracePP.uexp" 183
"../../../Engine/Content/EngineDebugMaterials/M_SimpleUnlitTranslucent.uasset" 184
"../../../Engine/Content/EngineDebugMaterials/M_SimpleUnlitTranslucent.uexp" 185
"../../../Engine/Content/EngineDebugMaterials/DebugMeshMaterial.uasset" 186
"../../../Engine/Content/EngineDebugMaterials/DebugMeshMaterial.uexp" 187
"../../../Engine/Content/EngineDebugMaterials/DebugEditorMaterial.uasset" 188
"../../../Engine/Content/EngineDebugMaterials/DebugEditorMaterial.uexp" 189
"../../../Engine/Content/EngineDamageTypes/DmgTypeBP_Environmental.uasset" 190
"../../../Engine/Content/EngineDamageTypes/DmgTypeBP_Environmental.uexp" 191
"../../../Engine/Plugins/Animation/ControlRig/Content/Controls/DefaultGizmoLibraryNormalized.uasset" 192
"../../../Engine/Plugins/Animation/ControlRig/Content/Controls/DefaultGizmoLibraryNormalized.uexp" 193
"../../../Engine/Plugins/Animation/ControlRig/Content/Controls/ControlRig_Wedge_solid.ubulk" 194
"../../../Engine/Plugins/Animation/ControlRig/Content/Controls/ControlRig_Wedge_solid.uasset" 195
"../../../Engine/Plugins/Animation/ControlRig/Content/Controls/ControlRig_Wedge_solid.uexp" 196
"../../../Engine/Plugins/Animation/ControlRig/Content/Controls/ControlRig_Wedge_3mm.ubulk" 197
"../../../Engine/Plugins/Animation/ControlRig/Content/Controls/ControlRig_Wedge_3mm.uasset" 198
"../../../Engine/Plugins/Animation/ControlRig/Content/Controls/ControlRig_Wedge_3mm.uexp" 199
"../../../Engine/Plugins/Animation/ControlRig/Content/Controls/ControlRig_Wedge_1mm.ubulk" 200
"../../../Engine/Plugins/Animation/ControlRig/Content/Controls/ControlRig_Wedge_1mm.uasset" 201
"../../../Engine/Plugins/Animation/ControlRig/Content/Controls/ControlRig_Wedge_1mm.uexp" 202
"../../../Engine/Plugins/Animation/ControlRig/Content/Controls/ControlRig_Triangle_solid.ubulk" 203
"../../../Engine/Plugins/Animation/ControlRig/Content/Controls/ControlRig_Triangle_solid.uasset" 204
"../../../Engine/Plugins/Animation/ControlRig/Content/Controls/ControlRig_Triangle_solid.uexp" 205
"../../../Engine/Plugins/Animation/ControlRig/Content/Controls/ControlRig_Triangle_3mm.ubulk" 206
"../../../Engine/Plugins/Animation/ControlRig/Content/Controls/ControlRig_Triangle_3mm.uasset" 207
"../../../Engine/Plugins/Animation/ControlRig/Content/Controls/ControlRig_Triangle_3mm.uexp" 208
"../../../Engine/Plugins/Animation/ControlRig/Content/Controls/ControlRig_Triangle_1mm.ubulk" 209
"../../../Engine/Plugins/Animation/ControlRig/Content/Controls/ControlRig_Triangle_1mm.uasset" 210
"../../../Engine/Plugins/Animation/ControlRig/Content/Controls/ControlRig_Triangle_1mm.uexp" 211
"../../../Engine/Plugins/Animation/ControlRig/Content/Controls/ControlRig_Star4_solid.ubulk" 212
"../../../Engine/Plugins/Animation/ControlRig/Content/Controls/ControlRig_Star4_solid.uasset" 213
"../../../Engine/Plugins/Animation/ControlRig/Content/Controls/ControlRig_Star4_solid.uexp" 214
"../../../Engine/Plugins/Animation/ControlRig/Content/Controls/ControlRig_Star4_3mm.ubulk" 215
"../../../Engine/Plugins/Animation/ControlRig/Content/Controls/ControlRig_Star4_3mm.uasset" 216
"../../../Engine/Plugins/Animation/ControlRig/Content/Controls/ControlRig_Star4_3mm.uexp" 217
"../../../Engine/Plugins/Animation/ControlRig/Content/Controls/ControlRig_Star4_1mm.ubulk" 218
"../../../Engine/Plugins/Animation/ControlRig/Content/Controls/ControlRig_Star4_1mm.uasset" 219
"../../../Engine/Plugins/Animation/ControlRig/Content/Controls/ControlRig_Star4_1mm.uexp" 220
"../../../Engine/Plugins/Animation/ControlRig/Content/Controls/ControlRig_Square_solid.ubulk" 221
"../../../Engine/Plugins/Animation/ControlRig/Content/Controls/ControlRig_Square_solid.uasset" 222
"../../../Engine/Plugins/Animation/ControlRig/Content/Controls/ControlRig_Square_solid.uexp" 223
"../../../Engine/Plugins/Animation/ControlRig/Content/Controls/ControlRig_Square_3mm.ubulk" 224
"../../../Engine/Plugins/Animation/ControlRig/Content/Controls/ControlRig_Square_3mm.uasset" 225
"../../../Engine/Plugins/Animation/ControlRig/Content/Controls/ControlRig_Square_3mm.uexp" 226
"../../../Engine/Plugins/Animation/ControlRig/Content/Controls/ControlRig_Square_1mm.ubulk" 227
"../../../Engine/Plugins/Animation/ControlRig/Content/Controls/ControlRig_Square_1mm.uasset" 228
"../../../Engine/Plugins/Animation/ControlRig/Content/Controls/ControlRig_Square_1mm.uexp" 229
"../../../Engine/Plugins/Runtime/MeshModelingToolset/Content/Materials/M_DynamicMeshComponentVtxColor.uasset" 230
"../../../Engine/Plugins/Runtime/MeshModelingToolset/Content/Materials/M_DynamicMeshComponentVtxColor.uexp" 231
"../../../Engine/Plugins/Interchange/Runtime/Content/Pipelines/DefaultTexturePipeline.uasset" 232
"../../../Engine/Plugins/Interchange/Runtime/Content/Pipelines/DefaultTexturePipeline.uexp" 233
"../../../Engine/Plugins/Interchange/Runtime/Content/Pipelines/DefaultSceneLevelPipeline.uasset" 234
"../../../Engine/Plugins/Interchange/Runtime/Content/Pipelines/DefaultSceneLevelPipeline.uexp" 235
"../../../Engine/Plugins/Interchange/Runtime/Content/Pipelines/DefaultSceneAssetsPipeline.uasset" 236
"../../../Engine/Plugins/Interchange/Runtime/Content/Pipelines/DefaultSceneAssetsPipeline.uexp" 237
"../../../Engine/Plugins/Interchange/Runtime/Content/Pipelines/DefaultMaterialPipeline.uasset" 238
"../../../Engine/Plugins/Interchange/Runtime/Content/Pipelines/DefaultMaterialPipeline.uexp" 239
"../../../Engine/Plugins/Interchange/Runtime/Content/Pipelines/DefaultAssetsPipeline.uasset" 240
"../../../Engine/Plugins/Interchange/Runtime/Content/Pipelines/DefaultAssetsPipeline.uexp" 241
"../../../Engine/Plugins/Editor/SpeedTreeImporter/Content/SpeedTree9/game_wind_noise.ubulk" 242
"../../../Engine/Plugins/Editor/SpeedTreeImporter/Content/SpeedTree9/game_wind_noise.uasset" 243
"../../../Engine/Plugins/Editor/SpeedTreeImporter/Content/SpeedTree9/game_wind_noise.uexp" 244
"../../../Engine/Plugins/Editor/SpeedTreeImporter/Content/SpeedTree9/UnpackDirection.uasset" 245
"../../../Engine/Plugins/Editor/SpeedTreeImporter/Content/SpeedTree9/UnpackDirection.uexp" 246
"../../../Engine/Content/Functions/Engine_MaterialFunctions02/ObjectLocalBounds.uasset" 247
"../../../Engine/Content/Functions/Engine_MaterialFunctions02/ObjectLocalBounds.uexp" 248
"../../../Engine/Content/Functions/Engine_MaterialFunctions02/Utility/BreakOutFloat3Components.uasset" 249
"../../../Engine/Content/Functions/Engine_MaterialFunctions02/Utility/BreakOutFloat3Components.uexp" 250
"../../../Engine/Content/Functions/Engine_MaterialFunctions02/UVs/BoundingBoxBased_0-1_UVW.uasset" 251
"../../../Engine/Content/Functions/Engine_MaterialFunctions02/UVs/BoundingBoxBased_0-1_UVW.uexp" 252
"../../../Engine/Content/Functions/Engine_MaterialFunctions02/Utility/VectorLength.uasset" 253
"../../../Engine/Content/Functions/Engine_MaterialFunctions02/Utility/VectorLength.uexp" 254
"../../../Engine/Plugins/Editor/SpeedTreeImporter/Content/SpeedTree9/UnpackInteger3.uasset" 255
"../../../Engine/Plugins/Editor/SpeedTreeImporter/Content/SpeedTree9/UnpackInteger3.uexp" 256
"../../../Engine/Plugins/Editor/SpeedTreeImporter/Content/SpeedTree9/SpeedTreeCameraFacing.uasset" 257
"../../../Engine/Plugins/Editor/SpeedTreeImporter/Content/SpeedTree9/SpeedTreeCameraFacing.uexp" 258
"../../../Engine/Content/Functions/Engine_MaterialFunctions02/WorldPositionOffset/ObjectScale.uasset" 259
"../../../Engine/Content/Functions/Engine_MaterialFunctions02/WorldPositionOffset/ObjectScale.uexp" 260
"../../../Engine/Content/Functions/Engine_MaterialFunctions02/SafeNormalize.uasset" 261
"../../../Engine/Content/Functions/Engine_MaterialFunctions02/SafeNormalize.uexp" 262
"../../../Engine/Plugins/Editor/SpeedTreeImporter/Content/SpeedTree9/SpeedTreeWindMotion.uasset" 263
"../../../Engine/Plugins/Editor/SpeedTreeImporter/Content/SpeedTree9/SpeedTreeWindMotion.uexp" 264
"../../../Engine/Plugins/Editor/SpeedTreeImporter/Content/SpeedTree9/SpeedTreeBranchMotion.uasset" 265
"../../../Engine/Plugins/Editor/SpeedTreeImporter/Content/SpeedTree9/SpeedTreeBranchMotion.uexp" 266
"../../../Engine/Plugins/Editor/SpeedTreeImporter/Content/SpeedTree9/SpeedTreeWind.uasset" 267
"../../../Engine/Plugins/Editor/SpeedTreeImporter/Content/SpeedTree9/SpeedTreeWind.uexp" 268
"../../../Engine/Plugins/Editor/SpeedTreeImporter/Content/SpeedTree9/EmptyNormal.uasset" 269
"../../../Engine/Plugins/Editor/SpeedTreeImporter/Content/SpeedTree9/EmptyNormal.uexp" 270
"../../../Engine/Plugins/Editor/SpeedTreeImporter/Content/SpeedTree9/Empty.uasset" 271
"../../../Engine/Plugins/Editor/SpeedTreeImporter/Content/SpeedTree9/Empty.uexp" 272
"../../../Engine/Plugins/Editor/SpeedTreeImporter/Content/SpeedTree9/SpeedTreeMaster.uasset" 273
"../../../Engine/Plugins/Editor/SpeedTreeImporter/Content/SpeedTree9/SpeedTreeMaster.uexp" 274
"../../../Engine/Plugins/Editor/SpeedTreeImporter/Content/SpeedTree9/SpeedTreeBillboard.uasset" 275
"../../../Engine/Plugins/Editor/SpeedTreeImporter/Content/SpeedTree9/SpeedTreeBillboard.uexp" 276
"../../../Engine/Plugins/Editor/SpeedTreeImporter/Content/SpeedTree9/SpeedTreeBillboardMaster.uasset" 277
"../../../Engine/Plugins/Editor/SpeedTreeImporter/Content/SpeedTree9/SpeedTreeBillboardMaster.uexp" 278
"../../../Engine/Plugins/Animation/ControlRig/Content/Controls/ControlRig_Sphere_solid.ubulk" 279
"../../../Engine/Plugins/Animation/ControlRig/Content/Controls/ControlRig_Sphere_solid.uasset" 280
"../../../Engine/Plugins/Animation/ControlRig/Content/Controls/ControlRig_Sphere_solid.uexp" 281
"../../../Engine/Plugins/Animation/ControlRig/Content/Controls/ControlRig_Sphere_3mm.ubulk" 282
"../../../Engine/Plugins/Animation/ControlRig/Content/Controls/ControlRig_Sphere_3mm.uasset" 283
"../../../Engine/Plugins/Animation/ControlRig/Content/Controls/ControlRig_Sphere_3mm.uexp" 284
"../../../Engine/Plugins/Animation/ControlRig/Content/Controls/ControlRig_Sphere_1mm.ubulk" 285
"../../../Engine/Plugins/Animation/ControlRig/Content/Controls/ControlRig_Sphere_1mm.uasset" 286
"../../../Engine/Plugins/Animation/ControlRig/Content/Controls/ControlRig_Sphere_1mm.uexp" 287
"../../../Engine/Plugins/Animation/ControlRig/Content/Controls/ControlRig_RoundedTriangle_solid.ubulk" 288
"../../../Engine/Plugins/Animation/ControlRig/Content/Controls/ControlRig_RoundedTriangle_solid.uasset" 289
"../../../Engine/Plugins/Animation/ControlRig/Content/Controls/ControlRig_RoundedTriangle_solid.uexp" 290
"../../../Engine/Plugins/Animation/ControlRig/Content/Controls/ControlRig_RoundedTriangle_3mm.ubulk" 291
"../../../Engine/Plugins/Animation/ControlRig/Content/Controls/ControlRig_RoundedTriangle_3mm.uasset" 292
"../../../Engine/Plugins/Animation/ControlRig/Content/Controls/ControlRig_RoundedTriangle_3mm.uexp" 293
"../../../Engine/Plugins/Animation/ControlRig/Content/Controls/ControlRig_RoundedTriangle_1mm.ubulk" 294
"../../../Engine/Plugins/Animation/ControlRig/Content/Controls/ControlRig_RoundedTriangle_1mm.uasset" 295
"../../../Engine/Plugins/Animation/ControlRig/Content/Controls/ControlRig_RoundedTriangle_1mm.uexp" 296
"../../../Engine/Plugins/Animation/ControlRig/Content/Controls/ControlRig_RoundedSquare_solid.ubulk" 297
"../../../Engine/Plugins/Animation/ControlRig/Content/Controls/ControlRig_RoundedSquare_solid.uasset" 298
"../../../Engine/Plugins/Animation/ControlRig/Content/Controls/ControlRig_RoundedSquare_solid.uexp" 299
"../../../Engine/Plugins/Animation/ControlRig/Content/Controls/ControlRig_RoundedSquare_3mm.ubulk" 300
"../../../Engine/Plugins/Animation/ControlRig/Content/Controls/ControlRig_RoundedSquare_3mm.uasset" 301
"../../../Engine/Plugins/Animation/ControlRig/Content/Controls/ControlRig_RoundedSquare_3mm.uexp" 302
"../../../Engine/Plugins/Animation/ControlRig/Content/Controls/ControlRig_RoundedSquare_1mm.ubulk" 303
"../../../Engine/Plugins/Animation/ControlRig/Content/Controls/ControlRig_RoundedSquare_1mm.uasset" 304
"../../../Engine/Plugins/Animation/ControlRig/Content/Controls/ControlRig_RoundedSquare_1mm.uexp" 305
"../../../Engine/Plugins/Animation/ControlRig/Content/Controls/ControlRig_QuarterCircle_solid.ubulk" 306
"../../../Engine/Plugins/Animation/ControlRig/Content/Controls/ControlRig_QuarterCircle_solid.uasset" 307
"../../../Engine/Plugins/Animation/ControlRig/Content/Controls/ControlRig_QuarterCircle_solid.uexp" 308
"../../../Engine/Plugins/Animation/ControlRig/Content/Controls/ControlRig_QuarterCircle_3mm.ubulk" 309
"../../../Engine/Plugins/Animation/ControlRig/Content/Controls/ControlRig_QuarterCircle_3mm.uasset" 310
"../../../Engine/Plugins/Animation/ControlRig/Content/Controls/ControlRig_QuarterCircle_3mm.uexp" 311
"../../../Engine/Plugins/Animation/ControlRig/Content/Controls/ControlRig_QuarterCircle_1mm.ubulk" 312
"../../../Engine/Plugins/Animation/ControlRig/Content/Controls/ControlRig_QuarterCircle_1mm.uasset" 313
"../../../Engine/Plugins/Animation/ControlRig/Content/Controls/ControlRig_QuarterCircle_1mm.uexp" 314
"../../../Engine/Plugins/Animation/ControlRig/Content/Controls/ControlRig_Pyramid_solid.ubulk" 315
"../../../Engine/Plugins/Animation/ControlRig/Content/Controls/ControlRig_Pyramid_solid.uasset" 316
"../../../Engine/Plugins/Animation/ControlRig/Content/Controls/ControlRig_Pyramid_solid.uexp" 317
"../../../Engine/Plugins/Animation/ControlRig/Content/Controls/ControlRig_Pyramid_3mm.ubulk" 318
"../../../Engine/Plugins/Animation/ControlRig/Content/Controls/ControlRig_Pyramid_3mm.uasset" 319
"../../../Engine/Plugins/Animation/ControlRig/Content/Controls/ControlRig_Pyramid_3mm.uexp" 320
"../../../Engine/Plugins/Animation/ControlRig/Content/Controls/ControlRig_Pyramid_1mm.ubulk" 321
"../../../Engine/Plugins/Animation/ControlRig/Content/Controls/ControlRig_Pyramid_1mm.uasset" 322
"../../../Engine/Plugins/Animation/ControlRig/Content/Controls/ControlRig_Pyramid_1mm.uexp" 323
"../../../Engine/Plugins/Animation/ControlRig/Content/Controls/ControlRig_Octagon_solid.ubulk" 324
"../../../Engine/Plugins/Animation/ControlRig/Content/Controls/ControlRig_Octagon_solid.uasset" 325
"../../../Engine/Plugins/Animation/ControlRig/Content/Controls/ControlRig_Octagon_solid.uexp" 326
"../../../Engine/Plugins/Animation/ControlRig/Content/Controls/ControlRig_Octagon_3mm.ubulk" 327
"../../../Engine/Plugins/Animation/ControlRig/Content/Controls/ControlRig_Octagon_3mm.uasset" 328
"../../../Engine/Plugins/Animation/ControlRig/Content/Controls/ControlRig_Octagon_3mm.uexp" 329
"../../../Engine/Plugins/Animation/ControlRig/Content/Controls/ControlRig_Octagon_1mm.ubulk" 330
"../../../Engine/Plugins/Animation/ControlRig/Content/Controls/ControlRig_Octagon_1mm.uasset" 331
"../../../Engine/Plugins/Animation/ControlRig/Content/Controls/ControlRig_Octagon_1mm.uexp" 332
"../../../Engine/Plugins/Animation/ControlRig/Content/Controls/ControlRig_Hexagon_solid.ubulk" 333
"../../../Engine/Plugins/Animation/ControlRig/Content/Controls/ControlRig_Hexagon_solid.uasset" 334
"../../../Engine/Plugins/Animation/ControlRig/Content/Controls/ControlRig_Hexagon_solid.uexp" 335
"../../../Engine/Plugins/Animation/ControlRig/Content/Controls/ControlRig_Hexagon_3mm.ubulk" 336
"../../../Engine/Plugins/Animation/ControlRig/Content/Controls/ControlRig_Hexagon_3mm.uasset" 337
"../../../Engine/Plugins/Animation/ControlRig/Content/Controls/ControlRig_Hexagon_3mm.uexp" 338
"../../../Engine/Plugins/Animation/ControlRig/Content/Controls/ControlRig_Hexagon_1mm.ubulk" 339
"../../../Engine/Plugins/Animation/ControlRig/Content/Controls/ControlRig_Hexagon_1mm.uasset" 340
"../../../Engine/Plugins/Animation/ControlRig/Content/Controls/ControlRig_Hexagon_1mm.uexp" 341
"../../../Engine/Plugins/Animation/ControlRig/Content/Controls/ControlRig_HalfCircle_solid.ubulk" 342
"../../../Engine/Plugins/Animation/ControlRig/Content/Controls/ControlRig_HalfCircle_solid.uasset" 343
"../../../Engine/Plugins/Animation/ControlRig/Content/Controls/ControlRig_HalfCircle_solid.uexp" 344
"../../../Engine/Plugins/Animation/ControlRig/Content/Controls/ControlRig_HalfCircle_3mm.ubulk" 345
"../../../Engine/Plugins/Animation/ControlRig/Content/Controls/ControlRig_HalfCircle_3mm.uasset" 346
"../../../Engine/Plugins/Animation/ControlRig/Content/Controls/ControlRig_HalfCircle_3mm.uexp" 347
"../../../Engine/Plugins/Animation/ControlRig/Content/Controls/ControlRig_HalfCircle_1mm.ubulk" 348
"../../../Engine/Plugins/Animation/ControlRig/Content/Controls/ControlRig_HalfCircle_1mm.uasset" 349
"../../../Engine/Plugins/Animation/ControlRig/Content/Controls/ControlRig_HalfCircle_1mm.uexp" 350
"../../../Engine/Plugins/Animation/ControlRig/Content/Controls/ControlRig_Diamond_solid.ubulk" 351
"../../../Engine/Plugins/Animation/ControlRig/Content/Controls/ControlRig_Diamond_solid.uasset" 352
"../../../Engine/Plugins/Animation/ControlRig/Content/Controls/ControlRig_Diamond_solid.uexp" 353
"../../../Engine/Plugins/Animation/ControlRig/Content/Controls/ControlRig_Diamond_3mm.ubulk" 354
"../../../Engine/Plugins/Animation/ControlRig/Content/Controls/ControlRig_Diamond_3mm.uasset" 355
"../../../Engine/Plugins/Animation/ControlRig/Content/Controls/ControlRig_Diamond_3mm.uexp" 356
"../../../Engine/Plugins/Animation/ControlRig/Content/Controls/ControlRig_Diamond_1mm.ubulk" 357
"../../../Engine/Plugins/Animation/ControlRig/Content/Controls/ControlRig_Diamond_1mm.uasset" 358
"../../../Engine/Plugins/Animation/ControlRig/Content/Controls/ControlRig_Diamond_1mm.uexp" 359
"../../../Engine/Plugins/Animation/ControlRig/Content/Controls/ControlRig_Circle_solid.ubulk" 360
"../../../Engine/Plugins/Animation/ControlRig/Content/Controls/ControlRig_Circle_solid.uasset" 361
"../../../Engine/Plugins/Animation/ControlRig/Content/Controls/ControlRig_Circle_solid.uexp" 362
"../../../Engine/Plugins/Animation/ControlRig/Content/Controls/ControlRig_Circle_3mm.ubulk" 363
"../../../Engine/Plugins/Animation/ControlRig/Content/Controls/ControlRig_Circle_3mm.uasset" 364
"../../../Engine/Plugins/Animation/ControlRig/Content/Controls/ControlRig_Circle_3mm.uexp" 365
"../../../Engine/Plugins/Animation/ControlRig/Content/Controls/ControlRig_Circle_1mm.ubulk" 366
"../../../Engine/Plugins/Animation/ControlRig/Content/Controls/ControlRig_Circle_1mm.uasset" 367
"../../../Engine/Plugins/Animation/ControlRig/Content/Controls/ControlRig_Circle_1mm.uexp" 368
"../../../Engine/Plugins/Animation/ControlRig/Content/Controls/ControlRig_Box_solid.ubulk" 369
"../../../Engine/Plugins/Animation/ControlRig/Content/Controls/ControlRig_Box_solid.uasset" 370
"../../../Engine/Plugins/Animation/ControlRig/Content/Controls/ControlRig_Box_solid.uexp" 371
"../../../Engine/Plugins/Animation/ControlRig/Content/Controls/ControlRig_Box_3mm.ubulk" 372
"../../../Engine/Plugins/Animation/ControlRig/Content/Controls/ControlRig_Box_3mm.uasset" 373
"../../../Engine/Plugins/Animation/ControlRig/Content/Controls/ControlRig_Box_3mm.uexp" 374
"../../../Engine/Plugins/Animation/ControlRig/Content/Controls/ControlRig_Box_1mm.ubulk" 375
"../../../Engine/Plugins/Animation/ControlRig/Content/Controls/ControlRig_Box_1mm.uasset" 376
"../../../Engine/Plugins/Animation/ControlRig/Content/Controls/ControlRig_Box_1mm.uexp" 377
"../../../Engine/Plugins/Animation/ControlRig/Content/Controls/ControlRig_Arrow_solid.ubulk" 378
"../../../Engine/Plugins/Animation/ControlRig/Content/Controls/ControlRig_Arrow_solid.uasset" 379
"../../../Engine/Plugins/Animation/ControlRig/Content/Controls/ControlRig_Arrow_solid.uexp" 380
"../../../Engine/Plugins/Animation/ControlRig/Content/Controls/ControlRig_Arrow_3mm.ubulk" 381
"../../../Engine/Plugins/Animation/ControlRig/Content/Controls/ControlRig_Arrow_3mm.uasset" 382
"../../../Engine/Plugins/Animation/ControlRig/Content/Controls/ControlRig_Arrow_3mm.uexp" 383
"../../../Engine/Plugins/Animation/ControlRig/Content/Controls/ControlRig_Arrow_1mm.ubulk" 384
"../../../Engine/Plugins/Animation/ControlRig/Content/Controls/ControlRig_Arrow_1mm.uasset" 385
"../../../Engine/Plugins/Animation/ControlRig/Content/Controls/ControlRig_Arrow_1mm.uexp" 386
"../../../Engine/Plugins/Animation/ControlRig/Content/Controls/ControlRig_Arrow4_solid.ubulk" 387
"../../../Engine/Plugins/Animation/ControlRig/Content/Controls/ControlRig_Arrow4_solid.uasset" 388
"../../../Engine/Plugins/Animation/ControlRig/Content/Controls/ControlRig_Arrow4_solid.uexp" 389
"../../../Engine/Plugins/Animation/ControlRig/Content/Controls/ControlRig_Arrow4_3mm.ubulk" 390
"../../../Engine/Plugins/Animation/ControlRig/Content/Controls/ControlRig_Arrow4_3mm.uasset" 391
"../../../Engine/Plugins/Animation/ControlRig/Content/Controls/ControlRig_Arrow4_3mm.uexp" 392
"../../../Engine/Plugins/Animation/ControlRig/Content/Controls/ControlRig_Arrow4_1mm.ubulk" 393
"../../../Engine/Plugins/Animation/ControlRig/Content/Controls/ControlRig_Arrow4_1mm.uasset" 394
"../../../Engine/Plugins/Animation/ControlRig/Content/Controls/ControlRig_Arrow4_1mm.uexp" 395
"../../../Engine/Plugins/Animation/ControlRig/Content/Controls/ControlRig_Arrow2_solid.ubulk" 396
"../../../Engine/Plugins/Animation/ControlRig/Content/Controls/ControlRig_Arrow2_solid.uasset" 397
"../../../Engine/Plugins/Animation/ControlRig/Content/Controls/ControlRig_Arrow2_solid.uexp" 398
"../../../Engine/Plugins/Animation/ControlRig/Content/Controls/ControlRig_Arrow2_3mm.ubulk" 399
"../../../Engine/Plugins/Animation/ControlRig/Content/Controls/ControlRig_Arrow2_3mm.uasset" 400
"../../../Engine/Plugins/Animation/ControlRig/Content/Controls/ControlRig_Arrow2_3mm.uexp" 401
"../../../Engine/Plugins/Animation/ControlRig/Content/Controls/ControlRig_Arrow2_1mm.ubulk" 402
"../../../Engine/Plugins/Animation/ControlRig/Content/Controls/ControlRig_Arrow2_1mm.uasset" 403
"../../../Engine/Plugins/Animation/ControlRig/Content/Controls/ControlRig_Arrow2_1mm.uexp" 404
"../../../Engine/Plugins/Animation/ControlRig/Content/Controls/ControlRigXRayMaterial.uasset" 405
"../../../Engine/Plugins/Animation/ControlRig/Content/Controls/ControlRigXRayMaterial.uexp" 406
"../../../Engine/Plugins/Animation/ControlRig/Content/Controls/ControlRigGizmoMaterial.uasset" 407
"../../../Engine/Plugins/Animation/ControlRig/Content/Controls/ControlRigGizmoMaterial.uexp" 408
"../../../Engine/Content/EngineSounds/Master.uasset" 409
"../../../Engine/Content/EngineSounds/Master.uexp" 410
"../../../Engine/Content/EngineMaterials/DefaultMaterial.uasset" 411
"../../../Engine/Content/EngineMaterials/DefaultMaterial.uexp" 412
"../../../Engine/Content/BasicShapes/Cone.ubulk" 413
"../../../Engine/Content/BasicShapes/Cone.uasset" 414
"../../../Engine/Content/BasicShapes/Cone.uexp" 415
"../../../Engine/Content/Animation/DefaultRecorderBoneCompression.uasset" 416
"../../../Engine/Content/Animation/DefaultRecorderBoneCompression.uexp" 417
"../../../Engine/Content/Animation/DefaultAnimCurveCompressionSettings.uasset" 418
"../../../Engine/Content/Animation/DefaultAnimCurveCompressionSettings.uexp" 419
"../../../Engine/Content/Animation/DefaultAnimBoneCompressionSettings.uasset" 420
"../../../Engine/Content/Animation/DefaultAnimBoneCompressionSettings.uexp" 421
"C:/Users/thefl/Documents/Unreal Projects/MorphPond/Content/FMOD/Banks/Obstacles.uasset" 422
"C:/Users/thefl/Documents/Unreal Projects/MorphPond/Content/FMOD/Banks/Obstacles.uexp" 423
"C:/Users/thefl/Documents/Unreal Projects/MorphPond/Content/FMOD/Banks/Master.uasset" 424
"C:/Users/thefl/Documents/Unreal Projects/MorphPond/Content/FMOD/Banks/Master.uexp" 425
"C:/Users/thefl/Documents/Unreal Projects/MorphPond/Content/FMOD/Banks/Creature.uasset" 426
"C:/Users/thefl/Documents/Unreal Projects/MorphPond/Content/FMOD/Banks/Creature.uexp" 427
"C:/Users/thefl/Documents/Unreal Projects/MorphPond/Content/FMOD/Banks/UI.uasset" 428
"C:/Users/thefl/Documents/Unreal Projects/MorphPond/Content/FMOD/Banks/UI.uexp" 429
"../../../Engine/Content/MobileResources/HUD/VirtualJoystick_Background.uasset" 430
"../../../Engine/Content/MobileResources/HUD/VirtualJoystick_Background.uexp" 431
"../../../Engine/Content/MobileResources/HUD/VirtualJoystick_Thumb.uasset" 432
"../../../Engine/Content/MobileResources/HUD/VirtualJoystick_Thumb.uexp" 433
"../../../Engine/Content/MobileResources/HUD/DefaultVirtualJoysticks.uasset" 434
"../../../Engine/Content/MobileResources/HUD/DefaultVirtualJoysticks.uexp" 435
"../../../Engine/Content/Functions/Engine_MaterialFunctions01/Shading/PowerToRoughness.uasset" 436
"../../../Engine/Content/Functions/Engine_MaterialFunctions01/Shading/PowerToRoughness.uexp" 437
"../../../Engine/Content/Functions/Engine_MaterialFunctions01/Shading/ConvertFromDiffSpec.uasset" 438
"../../../Engine/Content/Functions/Engine_MaterialFunctions01/Shading/ConvertFromDiffSpec.uexp" 439
"../../../Engine/Content/EngineSky/VolumetricClouds/CloudWeatherTexture.uasset" 440
"../../../Engine/Content/EngineSky/VolumetricClouds/CloudWeatherTexture.uexp" 441
"../../../Engine/Content/Functions/Engine_MaterialFunctions02/Utility/MakeFloat2.uasset" 442
"../../../Engine/Content/Functions/Engine_MaterialFunctions02/Utility/MakeFloat2.uexp" 443
"../../../Engine/Content/EngineSky/VolumetricClouds/CloudGradientTexture.uasset" 444
"../../../Engine/Content/EngineSky/VolumetricClouds/CloudGradientTexture.uexp" 445
"../../../Engine/Content/EngineSky/VolumetricClouds/T_NoiseShape64.ubulk" 446
"../../../Engine/Content/EngineSky/VolumetricClouds/T_NoiseShape64.uasset" 447
"../../../Engine/Content/EngineSky/VolumetricClouds/T_NoiseShape64.uexp" 448
"../../../Engine/Content/EngineSky/VolumetricClouds/T_VolumeNoiseShape64.uasset" 449
"../../../Engine/Content/EngineSky/VolumetricClouds/T_VolumeNoiseShape64.uexp" 450
"../../../Engine/Content/EngineSky/VolumetricClouds/T_NoiseErosion.ubulk" 451
"../../../Engine/Content/EngineSky/VolumetricClouds/T_NoiseErosion.uasset" 452
"../../../Engine/Content/EngineSky/VolumetricClouds/T_NoiseErosion.uexp" 453
"../../../Engine/Content/EngineSky/VolumetricClouds/T_VolumeNoiseErosion32.uasset" 454
"../../../Engine/Content/EngineSky/VolumetricClouds/T_VolumeNoiseErosion32.uexp" 455
"../../../Engine/Content/EngineSky/VolumetricClouds/m_SimpleVolumetricCloud.uasset" 456
"../../../Engine/Content/EngineSky/VolumetricClouds/m_SimpleVolumetricCloud.uexp" 457
"../../../Engine/Content/EngineSky/VolumetricClouds/m_SimpleVolumetricCloud_Inst.uasset" 458
"../../../Engine/Content/EngineSky/VolumetricClouds/m_SimpleVolumetricCloud_Inst.uexp" 459
"../../../Engine/Content/EngineResources/FilmGrains/Marcie_Grain_v3_128_M2_000.uasset" 460
"../../../Engine/Content/EngineResources/FilmGrains/Marcie_Grain_v3_128_M2_000.uexp" 461
"../../../Engine/Content/BasicShapes/Sphere.ubulk" 462
"../../../Engine/Content/BasicShapes/Sphere.uasset" 463
"../../../Engine/Content/BasicShapes/Sphere.uexp" 464
"C:/Users/thefl/Documents/Unreal Projects/MorphPond/Content/MorphPond/Attacks/BP_2DAttackBaseClass.uasset" 465
"C:/Users/thefl/Documents/Unreal Projects/MorphPond/Content/MorphPond/Attacks/BP_2DAttackBaseClass.uexp" 466
"C:/Users/thefl/Documents/Unreal Projects/MorphPond/Content/MorphPond/Materials/Textures/SmokePuffLarge.uasset" 467
"C:/Users/thefl/Documents/Unreal Projects/MorphPond/Content/MorphPond/Materials/Textures/SmokePuffLarge.uexp" 468
"C:/Users/thefl/Documents/Unreal Projects/MorphPond/Content/MorphPond/Materials/Textures/SmokePuffLarge_Mat.uasset" 469
"C:/Users/thefl/Documents/Unreal Projects/MorphPond/Content/MorphPond/Materials/Textures/SmokePuffLarge_Mat.uexp" 470
"../../../Engine/Plugins/FX/Niagara/Content/Enums/ENiagaraSphereDistributionMode.uasset" 471
"../../../Engine/Plugins/FX/Niagara/Content/Enums/ENiagaraSphereDistributionMode.uexp" 472
"../../../Engine/Plugins/FX/Niagara/Content/Enums/ENiagaraTorusDistributionMode.uasset" 473
"../../../Engine/Plugins/FX/Niagara/Content/Enums/ENiagaraTorusDistributionMode.uexp" 474
"../../../Engine/Plugins/FX/Niagara/Content/Enums/ENiagaraRandomnessMode.uasset" 475
"../../../Engine/Plugins/FX/Niagara/Content/Enums/ENiagaraRandomnessMode.uexp" 476
"../../../Engine/Plugins/FX/Niagara/Content/Enums/ENiagaraRandomnessEvaluation.uasset" 477
"../../../Engine/Plugins/FX/Niagara/Content/Enums/ENiagaraRandomnessEvaluation.uexp" 478
"../../../Engine/Plugins/FX/Niagara/Content/Enums/Location/ENiagara_LocationShapes.uasset" 479
"../../../Engine/Plugins/FX/Niagara/Content/Enums/Location/ENiagara_LocationShapes.uexp" 480
"../../../Engine/Plugins/FX/Niagara/Content/Enums/ENiagara_MassInitializationMode.uasset" 481
"../../../Engine/Plugins/FX/Niagara/Content/Enums/ENiagara_MassInitializationMode.uexp" 482
"../../../Engine/Plugins/FX/Niagara/Content/Enums/Location/ENiagara_CylinderMode.uasset" 483
"../../../Engine/Plugins/FX/Niagara/Content/Enums/Location/ENiagara_CylinderMode.uexp" 484
"../../../Engine/Plugins/FX/Niagara/Content/DefaultAssets/DefaultSpriteMaterial.uasset" 485
"../../../Engine/Plugins/FX/Niagara/Content/DefaultAssets/DefaultSpriteMaterial.uexp" 486
"../../../Engine/Plugins/FX/Niagara/Content/Enums/ENiagara_PositionInitializationMode.uasset" 487
"../../../Engine/Plugins/FX/Niagara/Content/Enums/ENiagara_PositionInitializationMode.uexp" 488
"../../../Engine/Plugins/FX/Niagara/Content/Icons/Modules/T_Icon_Solver_LimitSpeed.uasset" 489
"../../../Engine/Plugins/FX/Niagara/Content/Icons/Modules/T_Icon_Solver_LimitSpeed.uexp" 490
"../../../Engine/Plugins/FX/Niagara/Content/Icons/Modules/T_Icon_Solver_RotationalSolve.uasset" 491
"../../../Engine/Plugins/FX/Niagara/Content/Icons/Modules/T_Icon_Solver_RotationalSolve.uexp" 492
"../../../Engine/Plugins/FX/Niagara/Content/Icons/Modules/T_Icon_Solver_LimitAccel.uasset" 493
"../../../Engine/Plugins/FX/Niagara/Content/Icons/Modules/T_Icon_Solver_LimitAccel.uexp" 494
"../../../Engine/Plugins/FX/Niagara/Content/Enums/ENiagaraScaleColorMode.uasset" 495
"../../../Engine/Plugins/FX/Niagara/Content/Enums/ENiagaraScaleColorMode.uexp" 496
"../../../Engine/Plugins/FX/Niagara/Content/Enums/ENiagara_SizeScaleMode.uasset" 497
"../../../Engine/Plugins/FX/Niagara/Content/Enums/ENiagara_SizeScaleMode.uexp" 498
"../../../Engine/Plugins/FX/Niagara/Content/Enums/ENiagara_UVFlippingMode.uasset" 499
"../../../Engine/Plugins/FX/Niagara/Content/Enums/ENiagara_UVFlippingMode.uexp" 500
"../../../Engine/Plugins/FX/Niagara/Content/Enums/Ribbons/ENiagara_UnsetDirectSetRandom.uasset" 501
"../../../Engine/Plugins/FX/Niagara/Content/Enums/Ribbons/ENiagara_UnsetDirectSetRandom.uexp" 502
"../../../Engine/Plugins/FX/Niagara/Content/Enums/ENiagara_LifetimeMode.uasset" 503
"../../../Engine/Plugins/FX/Niagara/Content/Enums/ENiagara_LifetimeMode.uexp" 504
"../../../Engine/Plugins/FX/Niagara/Content/Enums/Ribbons/ENiagara_UnsetDirectSet.uasset" 505
"../../../Engine/Plugins/FX/Niagara/Content/Enums/Ribbons/ENiagara_UnsetDirectSet.uexp" 506
"../../../Engine/Plugins/FX/Niagara/Content/Enums/ENiagara_SpriteRotationMode.uasset" 507
"../../../Engine/Plugins/FX/Niagara/Content/Enums/ENiagara_SpriteRotationMode.uexp" 508
"../../../Engine/Plugins/FX/Niagara/Content/Enums/ENiagara_ColorInitializationMode.uasset" 509
"../../../Engine/Plugins/FX/Niagara/Content/Enums/ENiagara_ColorInitializationMode.uexp" 510
"../../../Engine/Plugins/FX/Niagara/Content/Enums/ENiagaraChannelCorrelation.uasset" 511
"../../../Engine/Plugins/FX/Niagara/Content/Enums/ENiagaraChannelCorrelation.uexp" 512
"../../../Engine/Plugins/FX/Niagara/Content/Enums/Transforms/ENiagara_ScaleMode.uasset" 513
"../../../Engine/Plugins/FX/Niagara/Content/Enums/Transforms/ENiagara_ScaleMode.uexp" 514
"../../../Engine/Plugins/FX/Niagara/Content/Enums/Angles/ENiagara_AngleInput.uasset" 515
"../../../Engine/Plugins/FX/Niagara/Content/Enums/Angles/ENiagara_AngleInput.uexp" 516
"../../../Engine/Plugins/FX/Niagara/Content/Enums/Utility/ENiagara_VelocityMode.uasset" 517
"../../../Engine/Plugins/FX/Niagara/Content/Enums/Utility/ENiagara_VelocityMode.uexp" 518
"../../../Engine/Plugins/FX/Niagara/Content/Enums/Transforms/ENiagara_RotationMode.uasset" 519
"../../../Engine/Plugins/FX/Niagara/Content/Enums/Transforms/ENiagara_RotationMode.uexp" 520
"../../../Engine/Plugins/FX/Niagara/Content/Enums/ENiagaraEmitterLifeCycleMode.uasset" 521
"../../../Engine/Plugins/FX/Niagara/Content/Enums/ENiagaraEmitterLifeCycleMode.uexp" 522
"../../../Engine/Plugins/FX/Niagara/Content/Enums/ENiagara_InfiniteLoopDuration.uasset" 523
"../../../Engine/Plugins/FX/Niagara/Content/Enums/ENiagara_InfiniteLoopDuration.uexp" 524
"../../../Engine/Plugins/FX/Niagara/Content/Enums/ENiagara_EmitterStateOptions.uasset" 525
"../../../Engine/Plugins/FX/Niagara/Content/Enums/ENiagara_EmitterStateOptions.uexp" 526
"../../../Engine/Plugins/FX/Niagara/Content/Enums/ENiagaraInactiveMode.uasset" 527
"../../../Engine/Plugins/FX/Niagara/Content/Enums/ENiagaraInactiveMode.uexp" 528
"../../../Engine/Plugins/FX/Niagara/Content/Enums/ENiagaraExecutionStateManagement.uasset" 529
"../../../Engine/Plugins/FX/Niagara/Content/Enums/ENiagaraExecutionStateManagement.uexp" 530
"../../../Engine/Plugins/FX/Niagara/Content/Enums/ENiagaraEmitterScalabilityMode_Limited.uasset" 531
"../../../Engine/Plugins/FX/Niagara/Content/Enums/ENiagaraEmitterScalabilityMode_Limited.uexp" 532
"../../../Engine/Plugins/FX/Niagara/Content/Enums/Location/ENiagara_ConeMode.uasset" 533
"../../../Engine/Plugins/FX/Niagara/Content/Enums/Location/ENiagara_ConeMode.uexp" 534
"../../../Engine/Plugins/FX/Niagara/Content/Enums/ENiagaraSystemInactiveMode.uasset" 535
"../../../Engine/Plugins/FX/Niagara/Content/Enums/ENiagaraSystemInactiveMode.uexp" 536
"../../../Engine/Plugins/FX/Niagara/Content/Enums/ENiagara_AttributeSamplingApplyOutput.uasset" 537
"../../../Engine/Plugins/FX/Niagara/Content/Enums/ENiagara_AttributeSamplingApplyOutput.uexp" 538
"../../../Engine/Plugins/FX/Niagara/Content/Enums/Transforms/ENiagara_OffsetMode.uasset" 539
"../../../Engine/Plugins/FX/Niagara/Content/Enums/Transforms/ENiagara_OffsetMode.uexp" 540
"../../../Engine/Plugins/FX/Niagara/Content/Enums/Location/ENiagara_BoxPlaneMode.uasset" 541
"../../../Engine/Plugins/FX/Niagara/Content/Enums/Location/ENiagara_BoxPlaneMode.uexp" 542
"../../../Engine/Plugins/FX/Niagara/Content/Enums/Transforms/ENiagara_TransformOrder.uasset" 543
"../../../Engine/Plugins/FX/Niagara/Content/Enums/Transforms/ENiagara_TransformOrder.uexp" 544
"C:/Users/thefl/Documents/Unreal Projects/MorphPond/Content/MorphPond/Materials/Textures/SmokePuffSmall.uasset" 545
"C:/Users/thefl/Documents/Unreal Projects/MorphPond/Content/MorphPond/Materials/Textures/SmokePuffSmall.uexp" 546
"C:/Users/thefl/Documents/Unreal Projects/MorphPond/Content/MorphPond/Materials/Textures/SmokePuffSmall_Mat.uasset" 547
"C:/Users/thefl/Documents/Unreal Projects/MorphPond/Content/MorphPond/Materials/Textures/SmokePuffSmall_Mat.uexp" 548
"../../../Engine/Plugins/FX/Niagara/Content/Enums/Location/ENiagaraRingDiscMode.uasset" 549
"../../../Engine/Plugins/FX/Niagara/Content/Enums/Location/ENiagaraRingDiscMode.uexp" 550
"../../../Engine/Plugins/FX/Niagara/Content/Enums/ENiagaraShapeTorusMode.uasset" 551
"../../../Engine/Plugins/FX/Niagara/Content/Enums/ENiagaraShapeTorusMode.uexp" 552
"../../../Engine/Plugins/FX/Niagara/Content/Enums/ENiagaraExpansionMode.uasset" 553
"../../../Engine/Plugins/FX/Niagara/Content/Enums/ENiagaraExpansionMode.uexp" 554
"../../../Engine/Plugins/FX/Niagara/Content/Enums/Transforms/ENiagara_TransformType.uasset" 555
"../../../Engine/Plugins/FX/Niagara/Content/Enums/Transforms/ENiagara_TransformType.uexp" 556
"../../../Engine/Plugins/FX/Niagara/Content/Icons/Modules/T_Icon_Particle_InfiniteLife.uasset" 557
"../../../Engine/Plugins/FX/Niagara/Content/Icons/Modules/T_Icon_Particle_InfiniteLife.uexp" 558
"../../../Engine/Plugins/FX/Niagara/Content/Enums/SpriteRenderer/ENiagara_ScaleSpriteSize.uasset" 559
"../../../Engine/Plugins/FX/Niagara/Content/Enums/SpriteRenderer/ENiagara_ScaleSpriteSize.uexp" 560
"C:/Users/thefl/Documents/Unreal Projects/MorphPond/Content/MorphPond/Particles/PA_JumpCloud.uasset" 561
"C:/Users/thefl/Documents/Unreal Projects/MorphPond/Content/MorphPond/Particles/PA_JumpCloud.uexp" 562
"C:/Users/thefl/Documents/Unreal Projects/MorphPond/Content/MorphPond/Camera/ScreenShake_Mid.uasset" 563
"C:/Users/thefl/Documents/Unreal Projects/MorphPond/Content/MorphPond/Camera/ScreenShake_Mid.uexp" 564
"C:/Users/thefl/Documents/Unreal Projects/MorphPond/Content/MorphPond/Camera/ScreenShake_Tiny.uasset" 565
"C:/Users/thefl/Documents/Unreal Projects/MorphPond/Content/MorphPond/Camera/ScreenShake_Tiny.uexp" 566
"C:/Users/thefl/Documents/Unreal Projects/MorphPond/Content/MorphPond/Controls/IA_Jump.uasset" 567
"C:/Users/thefl/Documents/Unreal Projects/MorphPond/Content/MorphPond/Controls/IA_Jump.uexp" 568
"C:/Users/thefl/Documents/Unreal Projects/MorphPond/Content/MorphPond/Materials/Textures/Food_Node.uasset" 569
"C:/Users/thefl/Documents/Unreal Projects/MorphPond/Content/MorphPond/Materials/Textures/Food_Node.uexp" 570
"C:/Users/thefl/Documents/Unreal Projects/MorphPond/Content/MorphPond/UI/UI_HUD.uasset" 571
"C:/Users/thefl/Documents/Unreal Projects/MorphPond/Content/MorphPond/UI/UI_HUD.uexp" 572
"C:/Users/thefl/Documents/Unreal Projects/MorphPond/Content/MorphPond/Controls/IA_AttackHold.uasset" 573
"C:/Users/thefl/Documents/Unreal Projects/MorphPond/Content/MorphPond/Controls/IA_AttackHold.uexp" 574
"C:/Users/thefl/Documents/Unreal Projects/MorphPond/Content/MorphPond/Controls/IA_HoldSpecialHeal.uasset" 575
"C:/Users/thefl/Documents/Unreal Projects/MorphPond/Content/MorphPond/Controls/IA_HoldSpecialHeal.uexp" 576
"C:/Users/thefl/Documents/Unreal Projects/MorphPond/Content/MorphPond/Controls/IA_Look.uasset" 577
"C:/Users/thefl/Documents/Unreal Projects/MorphPond/Content/MorphPond/Controls/IA_Look.uexp" 578
"C:/Users/thefl/Documents/Unreal Projects/MorphPond/Content/MorphPond/Controls/IA_Attack.uasset" 579
"C:/Users/thefl/Documents/Unreal Projects/MorphPond/Content/MorphPond/Controls/IA_Attack.uexp" 580
"C:/Users/thefl/Documents/Unreal Projects/MorphPond/Content/MorphPond/Controls/IA_Walk.uasset" 581
"C:/Users/thefl/Documents/Unreal Projects/MorphPond/Content/MorphPond/Controls/IA_Walk.uexp" 582
"C:/Users/thefl/Documents/Unreal Projects/MorphPond/Content/MorphPond/Controls/IA_SecondaryAttack.uasset" 583
"C:/Users/thefl/Documents/Unreal Projects/MorphPond/Content/MorphPond/Controls/IA_SecondaryAttack.uexp" 584
"C:/Users/thefl/Documents/Unreal Projects/MorphPond/Content/MorphPond/Controls/IA_SecondaryRelease.uasset" 585
"C:/Users/thefl/Documents/Unreal Projects/MorphPond/Content/MorphPond/Controls/IA_SecondaryRelease.uexp" 586
"C:/Users/thefl/Documents/Unreal Projects/MorphPond/Content/MorphPond/Controls/IM_InputMap.uasset" 587
"C:/Users/thefl/Documents/Unreal Projects/MorphPond/Content/MorphPond/Controls/IM_InputMap.uexp" 588
"C:/Users/thefl/Documents/Unreal Projects/MorphPond/Content/MorphPond/Characters/BP_PlayerController.uasset" 589
"C:/Users/thefl/Documents/Unreal Projects/MorphPond/Content/MorphPond/Characters/BP_PlayerController.uexp" 590
"../../../Engine/Plugins/FX/Niagara/Content/Enums/Transforms/ENiagara_MeshOrientationOptions.uasset" 591
"../../../Engine/Plugins/FX/Niagara/Content/Enums/Transforms/ENiagara_MeshOrientationOptions.uexp" 592
"../../../Engine/Plugins/FX/Niagara/Content/Enums/Wind/ENiagaraWindTurbulenceFrequencyMode.uasset" 593
"../../../Engine/Plugins/FX/Niagara/Content/Enums/Wind/ENiagaraWindTurbulenceFrequencyMode.uexp" 594
"../../../Engine/Plugins/FX/Niagara/Content/Enums/ENiagaraCollisionRadiusOptions.uasset" 595
"../../../Engine/Plugins/FX/Niagara/Content/Enums/ENiagaraCollisionRadiusOptions.uexp" 596
"../../../Engine/Plugins/FX/Niagara/Content/Enums/ENiagaraDragCoefficientShapeMode.uasset" 597
"../../../Engine/Plugins/FX/Niagara/Content/Enums/ENiagaraDragCoefficientShapeMode.uexp" 598
"../../../Engine/Plugins/FX/Niagara/Content/Enums/ENiagaraAerodynamicDragPivotMode.uasset" 599
"../../../Engine/Plugins/FX/Niagara/Content/Enums/ENiagaraAerodynamicDragPivotMode.uexp" 600
"../../../Engine/Plugins/FX/Niagara/Content/Enums/ENiagaraVector4_Channels.uasset" 601
"../../../Engine/Plugins/FX/Niagara/Content/Enums/ENiagaraVector4_Channels.uexp" 602
"../../../Engine/Plugins/FX/Niagara/Content/Enums/ENiagaraMeshTransforms.uasset" 603
"../../../Engine/Plugins/FX/Niagara/Content/Enums/ENiagaraMeshTransforms.uexp" 604
"../../../Engine/Plugins/FX/Niagara/Content/Enums/Wind/ENiagaraWindTurbulenceMode.uasset" 605
"../../../Engine/Plugins/FX/Niagara/Content/Enums/Wind/ENiagaraWindTurbulenceMode.uexp" 606
"../../../Engine/Plugins/FX/Niagara/Content/Enums/ENiagaraFrictionMergeType.uasset" 607
"../../../Engine/Plugins/FX/Niagara/Content/Enums/ENiagaraFrictionMergeType.uexp" 608
"C:/Users/thefl/Documents/Unreal Projects/MorphPond/Content/MorphPond/Materials/Textures/Sparkle.uasset" 609
"C:/Users/thefl/Documents/Unreal Projects/MorphPond/Content/MorphPond/Materials/Textures/Sparkle.uexp" 610
"C:/Users/thefl/Documents/Unreal Projects/MorphPond/Content/MorphPond/Materials/Textures/MA_Sparkle.uasset" 611
"C:/Users/thefl/Documents/Unreal Projects/MorphPond/Content/MorphPond/Materials/Textures/MA_Sparkle.uexp" 612
"../../../Engine/Plugins/FX/Niagara/Content/Enums/ENiagara_GPUCollisionType.uasset" 613
"../../../Engine/Plugins/FX/Niagara/Content/Enums/ENiagara_GPUCollisionType.uexp" 614
"../../../Engine/Plugins/FX/Niagara/Content/Enums/ENiagaraCurlNoiseQuality.uasset" 615
"../../../Engine/Plugins/FX/Niagara/Content/Enums/ENiagaraCurlNoiseQuality.uexp" 616
"../../../Engine/Plugins/FX/Niagara/Content/Enums/Wind/ENiagaraWindGroundMaskMode.uasset" 617
"../../../Engine/Plugins/FX/Niagara/Content/Enums/Wind/ENiagaraWindGroundMaskMode.uexp" 618
"../../../Engine/Plugins/FX/Niagara/Content/Enums/ENiagaraCalculateRadiusOptions.uasset" 619
"../../../Engine/Plugins/FX/Niagara/Content/Enums/ENiagaraCalculateRadiusOptions.uexp" 620
"../../../Engine/Plugins/FX/Niagara/Content/Enums/Wind/ENiagaraWindCombingMode.uasset" 621
"../../../Engine/Plugins/FX/Niagara/Content/Enums/Wind/ENiagaraWindCombingMode.uexp" 622
"../../../Engine/Plugins/FX/Niagara/Content/VectorFields/Assets/TilingCurl32.uasset" 623
"../../../Engine/Plugins/FX/Niagara/Content/VectorFields/Assets/TilingCurl32.uexp" 624
"../../../Engine/Plugins/FX/Niagara/Content/VectorFields/Assets/TilingCurl64.uasset" 625
"../../../Engine/Plugins/FX/Niagara/Content/VectorFields/Assets/TilingCurl64.uexp" 626
"../../../Engine/Plugins/FX/Niagara/Content/Enums/Wind/ENiagaraWindTurbulenceContributionMode.uasset" 627
"../../../Engine/Plugins/FX/Niagara/Content/Enums/Wind/ENiagaraWindTurbulenceContributionMode.uexp" 628
"../../../Engine/Plugins/FX/Niagara/Content/VectorFields/Assets/TilingCurl16.uasset" 629
"../../../Engine/Plugins/FX/Niagara/Content/VectorFields/Assets/TilingCurl16.uexp" 630
"../../../Engine/Plugins/FX/Niagara/Content/Enums/Wind/ENiagaraWindOffsetMode.uasset" 631
"../../../Engine/Plugins/FX/Niagara/Content/Enums/Wind/ENiagaraWindOffsetMode.uexp" 632
"../../../Engine/Plugins/FX/Niagara/Content/Enums/Wind/ENiagaraWindFrictionDistanceMode.uasset" 633
"../../../Engine/Plugins/FX/Niagara/Content/Enums/Wind/ENiagaraWindFrictionDistanceMode.uexp" 634
"../../../Engine/Plugins/FX/Niagara/Content/Enums/Wind/ENiagaraWindFrictionMode.uasset" 635
"../../../Engine/Plugins/FX/Niagara/Content/Enums/Wind/ENiagaraWindFrictionMode.uexp" 636
"../../../Engine/Plugins/FX/Niagara/Content/Enums/ENiagara_CPUCollisionType.uasset" 637
"../../../Engine/Plugins/FX/Niagara/Content/Enums/ENiagara_CPUCollisionType.uexp" 638
"../../../Engine/Plugins/FX/Niagara/Content/Enums/ENiagaraRestitutionMergeType.uasset" 639
"../../../Engine/Plugins/FX/Niagara/Content/Enums/ENiagaraRestitutionMergeType.uexp" 640
"../../../Engine/Plugins/FX/Niagara/Content/Enums/ENiagara_Float4Channel.uasset" 641
"../../../Engine/Plugins/FX/Niagara/Content/Enums/ENiagara_Float4Channel.uexp" 642
"C:/Users/thefl/Documents/Unreal Projects/MorphPond/Content/MorphPond/Particles/PA_CrashBurst.uasset" 643
"C:/Users/thefl/Documents/Unreal Projects/MorphPond/Content/MorphPond/Particles/PA_CrashBurst.uexp" 644
"C:/Users/thefl/Documents/Unreal Projects/MorphPond/Content/MorphPond/Particles/PA_PuffCloud.uasset" 645
"C:/Users/thefl/Documents/Unreal Projects/MorphPond/Content/MorphPond/Particles/PA_PuffCloud.uexp" 646
"C:/Users/thefl/Documents/Unreal Projects/MorphPond/Content/FMOD/Events/BumpBushRustle.uasset" 647
"C:/Users/thefl/Documents/Unreal Projects/MorphPond/Content/FMOD/Events/BumpBushRustle.uexp" 648
"C:/Users/thefl/Documents/Unreal Projects/MorphPond/Content/MorphPond/Particles/PA_PuffStep.uasset" 649
"C:/Users/thefl/Documents/Unreal Projects/MorphPond/Content/MorphPond/Particles/PA_PuffStep.uexp" 650
"C:/Users/thefl/Documents/Unreal Projects/MorphPond/Content/MorphPond/Materials/MA_SolidColour.uasset" 651
"C:/Users/thefl/Documents/Unreal Projects/MorphPond/Content/MorphPond/Materials/MA_SolidColour.uexp" 652
"C:/Users/thefl/Documents/Unreal Projects/MorphPond/Content/MorphPond/Materials/Pallete1/MA_GrassLight.uasset" 653
"C:/Users/thefl/Documents/Unreal Projects/MorphPond/Content/MorphPond/Materials/Pallete1/MA_GrassLight.uexp" 654
"C:/Users/thefl/Documents/Unreal Projects/MorphPond/Content/MorphPond/Materials/Pallete1/MA_Creature2.uasset" 655
"C:/Users/thefl/Documents/Unreal Projects/MorphPond/Content/MorphPond/Materials/Pallete1/MA_Creature2.uexp" 656
"C:/Users/thefl/Documents/Unreal Projects/MorphPond/Content/FMOD/Events/BiteHitsEnemy_x2.uasset" 657
"C:/Users/thefl/Documents/Unreal Projects/MorphPond/Content/FMOD/Events/BiteHitsEnemy_x2.uexp" 658
"C:/Users/thefl/Documents/Unreal Projects/MorphPond/Content/MorphPond/Particles/PA_EnemyBlood.uasset" 659
"C:/Users/thefl/Documents/Unreal Projects/MorphPond/Content/MorphPond/Particles/PA_EnemyBlood.uexp" 660
"C:/Users/thefl/Documents/Unreal Projects/MorphPond/Content/MorphPond/Materials/MA_WhiteFlash.uasset" 661
"C:/Users/thefl/Documents/Unreal Projects/MorphPond/Content/MorphPond/Materials/MA_WhiteFlash.uexp" 662
"C:/Users/thefl/Documents/Unreal Projects/MorphPond/Content/FMOD/Events/BiteHitsEnemy_x3.uasset" 663
"C:/Users/thefl/Documents/Unreal Projects/MorphPond/Content/FMOD/Events/BiteHitsEnemy_x3.uexp" 664
"C:/Users/thefl/Documents/Unreal Projects/MorphPond/Content/MorphPond/Animations/CU_BlipCurve.uasset" 665
"C:/Users/thefl/Documents/Unreal Projects/MorphPond/Content/MorphPond/Animations/CU_BlipCurve.uexp" 666
"C:/Users/thefl/Documents/Unreal Projects/MorphPond/Content/MorphPond/Materials/MA_White.uasset" 667
"C:/Users/thefl/Documents/Unreal Projects/MorphPond/Content/MorphPond/Materials/MA_White.uexp" 668
"C:/Users/thefl/Documents/Unreal Projects/MorphPond/Content/MorphPond/Particles/PA_EnemyDeath.uasset" 669
"C:/Users/thefl/Documents/Unreal Projects/MorphPond/Content/MorphPond/Particles/PA_EnemyDeath.uexp" 670
"C:/Users/thefl/Documents/Unreal Projects/MorphPond/Content/MorphPond/Attacks/BP_3DAttackBaseClass.uasset" 671
"C:/Users/thefl/Documents/Unreal Projects/MorphPond/Content/MorphPond/Attacks/BP_3DAttackBaseClass.uexp" 672
"../../../Engine/Content/BasicShapes/BasicShapeMaterial.uasset" 673
"../../../Engine/Content/BasicShapes/BasicShapeMaterial.uexp" 674
"C:/Users/thefl/Documents/Unreal Projects/MorphPond/Content/MorphPond/Engine/BP_BodyCollisionSphere.uasset" 675
"C:/Users/thefl/Documents/Unreal Projects/MorphPond/Content/MorphPond/Engine/BP_BodyCollisionSphere.uexp" 676
"C:/Users/thefl/Documents/Unreal Projects/MorphPond/Content/FMOD/Events/BiteHitsEnemy.uasset" 677
"C:/Users/thefl/Documents/Unreal Projects/MorphPond/Content/FMOD/Events/BiteHitsEnemy.uexp" 678
"C:/Users/thefl/Documents/Unreal Projects/MorphPond/Content/MorphPond/Animations/BlipInverse.uasset" 679
"C:/Users/thefl/Documents/Unreal Projects/MorphPond/Content/MorphPond/Animations/BlipInverse.uexp" 680
"C:/Users/thefl/Documents/Unreal Projects/MorphPond/Content/MorphPond/Characters/Enemy/AI/BTTask_UpdateBestDirection.uasset" 681
"C:/Users/thefl/Documents/Unreal Projects/MorphPond/Content/MorphPond/Characters/Enemy/AI/BTTask_UpdateBestDirection.uexp" 682
"C:/Users/thefl/Documents/Unreal Projects/MorphPond/Content/MorphPond/Materials/MA_PulseColour.uasset" 683
"C:/Users/thefl/Documents/Unreal Projects/MorphPond/Content/MorphPond/Materials/MA_PulseColour.uexp" 684
"C:/Users/thefl/Documents/Unreal Projects/MorphPond/Content/MorphPond/Materials/MA_PulseYellow.uasset" 685
"C:/Users/thefl/Documents/Unreal Projects/MorphPond/Content/MorphPond/Materials/MA_PulseYellow.uexp" 686
"C:/Users/thefl/Documents/Unreal Projects/MorphPond/Content/MorphPond/Characters/Enemy/AI/BTTask_BiteAttack.uasset" 687
"C:/Users/thefl/Documents/Unreal Projects/MorphPond/Content/MorphPond/Characters/Enemy/AI/BTTask_BiteAttack.uexp" 688
"C:/Users/thefl/Documents/Unreal Projects/MorphPond/Content/StarterContent/Materials/M_Glass.uasset" 689
"C:/Users/thefl/Documents/Unreal Projects/MorphPond/Content/StarterContent/Materials/M_Glass.uexp" 690
"C:/Users/thefl/Documents/Unreal Projects/MorphPond/Content/MorphPond/Engine/BP_Temp.uasset" 691
"C:/Users/thefl/Documents/Unreal Projects/MorphPond/Content/MorphPond/Engine/BP_Temp.uexp" 692
"C:/Users/thefl/Documents/Unreal Projects/MorphPond/Content/MorphPond/Engine/BP_OverlapSphere.uasset" 693
"C:/Users/thefl/Documents/Unreal Projects/MorphPond/Content/MorphPond/Engine/BP_OverlapSphere.uexp" 694
"C:/Users/thefl/Documents/Unreal Projects/MorphPond/Content/MorphPond/Characters/Enemy/AI/BTTask_UpdateSight.uasset" 695
"C:/Users/thefl/Documents/Unreal Projects/MorphPond/Content/MorphPond/Characters/Enemy/AI/BTTask_UpdateSight.uexp" 696
"C:/Users/thefl/Documents/Unreal Projects/MorphPond/Content/MorphPond/Characters/Enemy/AI/BTTask_MoveTo.uasset" 697
"C:/Users/thefl/Documents/Unreal Projects/MorphPond/Content/MorphPond/Characters/Enemy/AI/BTTask_MoveTo.uexp" 698
"C:/Users/thefl/Documents/Unreal Projects/MorphPond/Content/MorphPond/Characters/Enemy/AI/BBD_Enemy0.uasset" 699
"C:/Users/thefl/Documents/Unreal Projects/MorphPond/Content/MorphPond/Characters/Enemy/AI/BBD_Enemy0.uexp" 700
"C:/Users/thefl/Documents/Unreal Projects/MorphPond/Content/MorphPond/Characters/Enemy/AI/BT_Enemy0.uasset" 701
"C:/Users/thefl/Documents/Unreal Projects/MorphPond/Content/MorphPond/Characters/Enemy/AI/BT_Enemy0.uexp" 702
"C:/Users/thefl/Documents/Unreal Projects/MorphPond/Content/MorphPond/Characters/Enemy/AI/BP_AIController.uasset" 703
"C:/Users/thefl/Documents/Unreal Projects/MorphPond/Content/MorphPond/Characters/Enemy/AI/BP_AIController.uexp" 704
"C:/Users/thefl/Documents/Unreal Projects/MorphPond/Content/MorphPond/Camera/ScreenShake_Large2.uasset" 705
"C:/Users/thefl/Documents/Unreal Projects/MorphPond/Content/MorphPond/Camera/ScreenShake_Large2.uexp" 706
"C:/Users/thefl/Documents/Unreal Projects/MorphPond/Content/MorphPond/Camera/ScreenShake_Large.uasset" 707
"C:/Users/thefl/Documents/Unreal Projects/MorphPond/Content/MorphPond/Camera/ScreenShake_Large.uexp" 708
"C:/Users/thefl/Documents/Unreal Projects/MorphPond/Content/MorphPond/Characters/Enemy/BP_EnemyCharacter.uasset" 709
"C:/Users/thefl/Documents/Unreal Projects/MorphPond/Content/MorphPond/Characters/Enemy/BP_EnemyCharacter.uexp" 710
"C:/Users/thefl/Documents/Unreal Projects/MorphPond/Content/FMOD/Events/Land.uasset" 711
"C:/Users/thefl/Documents/Unreal Projects/MorphPond/Content/FMOD/Events/Land.uexp" 712
"C:/Users/thefl/Documents/Unreal Projects/MorphPond/Content/MorphPond/Particles/PA_CrashFire.uasset" 713
"C:/Users/thefl/Documents/Unreal Projects/MorphPond/Content/MorphPond/Particles/PA_CrashFire.uexp" 714
"C:/Users/thefl/Documents/Unreal Projects/MorphPond/Content/StarterContent/Textures/T_Bush_N.ubulk" 715
"C:/Users/thefl/Documents/Unreal Projects/MorphPond/Content/StarterContent/Textures/T_Bush_N.uasset" 716
"C:/Users/thefl/Documents/Unreal Projects/MorphPond/Content/StarterContent/Textures/T_Bush_N.uexp" 717
"C:/Users/thefl/Documents/Unreal Projects/MorphPond/Content/MorphPond/Materials/Textures/FlameAlternating.uasset" 718
"C:/Users/thefl/Documents/Unreal Projects/MorphPond/Content/MorphPond/Materials/Textures/FlameAlternating.uexp" 719
"C:/Users/thefl/Documents/Unreal Projects/MorphPond/Content/MorphPond/Materials/M_Flame.uasset" 720
"C:/Users/thefl/Documents/Unreal Projects/MorphPond/Content/MorphPond/Materials/M_Flame.uexp" 721
"C:/Users/thefl/Documents/Unreal Projects/MorphPond/Content/MorphPond/Attacks/BP_CrashBall.uasset" 722
"C:/Users/thefl/Documents/Unreal Projects/MorphPond/Content/MorphPond/Attacks/BP_CrashBall.uexp" 723
"C:/Users/thefl/Documents/Unreal Projects/MorphPond/Content/MorphPond/Camera/ScreenShake_Small.uasset" 724
"C:/Users/thefl/Documents/Unreal Projects/MorphPond/Content/MorphPond/Camera/ScreenShake_Small.uexp" 725
"C:/Users/thefl/Documents/Unreal Projects/MorphPond/Content/FMOD/Events/Footstep.uasset" 726
"C:/Users/thefl/Documents/Unreal Projects/MorphPond/Content/FMOD/Events/Footstep.uexp" 727
"C:/Users/thefl/Documents/Unreal Projects/MorphPond/Content/MorphPond/Engine/BP_PointSound.uasset" 728
"C:/Users/thefl/Documents/Unreal Projects/MorphPond/Content/MorphPond/Engine/BP_PointSound.uexp" 729
"C:/Users/thefl/Documents/Unreal Projects/MorphPond/Content/MorphPond/Materials/MA_TransparentSolidColour.uasset" 730
"C:/Users/thefl/Documents/Unreal Projects/MorphPond/Content/MorphPond/Materials/MA_TransparentSolidColour.uexp" 731
"C:/Users/thefl/Documents/Unreal Projects/MorphPond/Content/MorphPond/Materials/Pallete1/MA_PurpleJelly.uasset" 732
"C:/Users/thefl/Documents/Unreal Projects/MorphPond/Content/MorphPond/Materials/Pallete1/MA_PurpleJelly.uexp" 733
"C:/Users/thefl/Documents/Unreal Projects/MorphPond/Content/MorphPond/Materials/M_Jelly.uasset" 734
"C:/Users/thefl/Documents/Unreal Projects/MorphPond/Content/MorphPond/Materials/M_Jelly.uexp" 735
"C:/Users/thefl/Documents/Unreal Projects/MorphPond/Content/MorphPond/Attacks/BP_FlingJelly.uasset" 736
"C:/Users/thefl/Documents/Unreal Projects/MorphPond/Content/MorphPond/Attacks/BP_FlingJelly.uexp" 737
"C:/Users/thefl/Documents/Unreal Projects/MorphPond/Content/MorphPond/Materials/Textures/Leaf.uasset" 738
"C:/Users/thefl/Documents/Unreal Projects/MorphPond/Content/MorphPond/Materials/Textures/Leaf.uexp" 739
"C:/Users/thefl/Documents/Unreal Projects/MorphPond/Content/MorphPond/Materials/Textures/MA_Leaf.uasset" 740
"C:/Users/thefl/Documents/Unreal Projects/MorphPond/Content/MorphPond/Materials/Textures/MA_Leaf.uexp" 741
"C:/Users/thefl/Documents/Unreal Projects/MorphPond/Content/MorphPond/Particles/PA_LeafCloud.uasset" 742
"C:/Users/thefl/Documents/Unreal Projects/MorphPond/Content/MorphPond/Particles/PA_LeafCloud.uexp" 743
"C:/Users/thefl/Documents/Unreal Projects/MorphPond/Content/FMOD/Events/Jump.uasset" 744
"C:/Users/thefl/Documents/Unreal Projects/MorphPond/Content/FMOD/Events/Jump.uexp" 745
"C:/Users/thefl/Documents/Unreal Projects/MorphPond/Content/MorphPond/Materials/Pallete1/MA_Creature1.uasset" 746
"C:/Users/thefl/Documents/Unreal Projects/MorphPond/Content/MorphPond/Materials/Pallete1/MA_Creature1.uexp" 747
"C:/Users/thefl/Documents/Unreal Projects/MorphPond/Content/MorphPond/Attacks/BP_Tongue.uasset" 748
"C:/Users/thefl/Documents/Unreal Projects/MorphPond/Content/MorphPond/Attacks/BP_Tongue.uexp" 749
"C:/Users/thefl/Documents/Unreal Projects/MorphPond/Content/MorphPond/Materials/MA_PulseDarkPurple.uasset" 750
"C:/Users/thefl/Documents/Unreal Projects/MorphPond/Content/MorphPond/Materials/MA_PulseDarkPurple.uexp" 751
"C:/Users/thefl/Documents/Unreal Projects/MorphPond/Content/FMOD/Events/Bite.uasset" 752
"C:/Users/thefl/Documents/Unreal Projects/MorphPond/Content/FMOD/Events/Bite.uexp" 753
"C:/Users/thefl/Documents/Unreal Projects/MorphPond/Content/MorphPond/Particles/PA_ChargeUp.uasset" 754
"C:/Users/thefl/Documents/Unreal Projects/MorphPond/Content/MorphPond/Particles/PA_ChargeUp.uexp" 755
"C:/Users/thefl/Documents/Unreal Projects/MorphPond/Content/FMOD/Events/Cannonball_Launch.uasset" 756
"C:/Users/thefl/Documents/Unreal Projects/MorphPond/Content/FMOD/Events/Cannonball_Launch.uexp" 757
"C:/Users/thefl/Documents/Unreal Projects/MorphPond/Content/FMOD/Events/Sling_Pull.uasset" 758
"C:/Users/thefl/Documents/Unreal Projects/MorphPond/Content/FMOD/Events/Sling_Pull.uexp" 759
"C:/Users/thefl/Documents/Unreal Projects/MorphPond/Content/MorphPond/Characters/BP_CharacterBaseClass.uasset" 760
"C:/Users/thefl/Documents/Unreal Projects/MorphPond/Content/MorphPond/Characters/BP_CharacterBaseClass.uexp" 761
"C:/Users/thefl/Documents/Unreal Projects/MorphPond/Content/MorphPond/Attacks/Fangs_iconduck_com_icons_26330_fangs.uasset" 762
"C:/Users/thefl/Documents/Unreal Projects/MorphPond/Content/MorphPond/Attacks/Fangs_iconduck_com_icons_26330_fangs.uexp" 763
"C:/Users/thefl/Documents/Unreal Projects/MorphPond/Content/MorphPond/Attacks/SP_Fangs.uasset" 764
"C:/Users/thefl/Documents/Unreal Projects/MorphPond/Content/MorphPond/Attacks/SP_Fangs.uexp" 765
"C:/Users/thefl/Documents/Unreal Projects/MorphPond/Content/MorphPond/Attacks/BP_Fangs.uasset" 766
"C:/Users/thefl/Documents/Unreal Projects/MorphPond/Content/MorphPond/Attacks/BP_Fangs.uexp" 767
"C:/Users/thefl/Documents/Unreal Projects/MorphPond/Content/MorphPond/Materials/MA_Red.uasset" 768
"C:/Users/thefl/Documents/Unreal Projects/MorphPond/Content/MorphPond/Materials/MA_Red.uexp" 769
"C:/Users/thefl/Documents/Unreal Projects/MorphPond/Content/MorphPond/Materials/Pallete1/MA_Sky.uasset" 770
"C:/Users/thefl/Documents/Unreal Projects/MorphPond/Content/MorphPond/Materials/Pallete1/MA_Sky.uexp" 771
"C:/Users/thefl/Documents/Unreal Projects/MorphPond/Content/MorphPond/Engine/BP_Engine.uasset" 772
"C:/Users/thefl/Documents/Unreal Projects/MorphPond/Content/MorphPond/Engine/BP_Engine.uexp" 773
"C:/Users/thefl/Documents/Unreal Projects/MorphPond/Content/MorphPond/Particles/PA_PlayerDamageOverlay.uasset" 774
"C:/Users/thefl/Documents/Unreal Projects/MorphPond/Content/MorphPond/Particles/PA_PlayerDamageOverlay.uexp" 775
"C:/Users/thefl/Documents/Unreal Projects/MorphPond/Content/MorphPond/Particles/PA_AbsorbAbility.uasset" 776
"C:/Users/thefl/Documents/Unreal Projects/MorphPond/Content/MorphPond/Particles/PA_AbsorbAbility.uexp" 777
"C:/Users/thefl/Documents/Unreal Projects/MorphPond/Content/MorphPond/Particles/PA_PlayerBlood.uasset" 778
"C:/Users/thefl/Documents/Unreal Projects/MorphPond/Content/MorphPond/Particles/PA_PlayerBlood.uexp" 779
"C:/Users/thefl/Documents/Unreal Projects/MorphPond/Content/FMOD/Events/Food_Blip.uasset" 780
"C:/Users/thefl/Documents/Unreal Projects/MorphPond/Content/FMOD/Events/Food_Blip.uexp" 781
"C:/Users/thefl/Documents/Unreal Projects/MorphPond/Content/FMOD/Events/PlayerHurt.uasset" 782
"C:/Users/thefl/Documents/Unreal Projects/MorphPond/Content/FMOD/Events/PlayerHurt.uexp" 783
"C:/Users/thefl/Documents/Unreal Projects/MorphPond/Content/MorphPond/Characters/BP_PlayerCharacter.uasset" 784
"C:/Users/thefl/Documents/Unreal Projects/MorphPond/Content/MorphPond/Characters/BP_PlayerCharacter.uexp" 785
"C:/Users/thefl/Documents/Unreal Projects/MorphPond/Content/MorphPond/Controls/BP_MainGameMode.uasset" 786
"C:/Users/thefl/Documents/Unreal Projects/MorphPond/Content/MorphPond/Controls/BP_MainGameMode.uexp" 787
"C:/Users/thefl/Documents/Unreal Projects/MorphPond/Content/FMOD/PrivateIntegrationData/BankLookup.uasset" 788
"C:/Users/thefl/Documents/Unreal Projects/MorphPond/Content/FMOD/PrivateIntegrationData/BankLookup.uexp" 789
"C:/Users/thefl/Documents/Unreal Projects/MorphPond/Content/FMOD/PrivateIntegrationData/AssetLookup.uasset" 790
"C:/Users/thefl/Documents/Unreal Projects/MorphPond/Content/FMOD/PrivateIntegrationData/AssetLookup.uexp" 791
"C:/Users/thefl/Documents/Unreal Projects/MorphPond/Content/FMOD/Events/Splash.uasset" 792
"C:/Users/thefl/Documents/Unreal Projects/MorphPond/Content/FMOD/Events/Splash.uexp" 793
"C:/Users/thefl/Documents/Unreal Projects/MorphPond/Content/FMOD/Events/Heal.uasset" 794
"C:/Users/thefl/Documents/Unreal Projects/MorphPond/Content/FMOD/Events/Heal.uexp" 795
"C:/Users/thefl/Documents/Unreal Projects/MorphPond/Content/FMOD/Events/Cannonball_Burn.uasset" 796
"C:/Users/thefl/Documents/Unreal Projects/MorphPond/Content/FMOD/Events/Cannonball_Burn.uexp" 797
"C:/Users/thefl/Documents/Unreal Projects/MorphPond/Content/FMOD/Buses/Reverb.uasset" 798
"C:/Users/thefl/Documents/Unreal Projects/MorphPond/Content/FMOD/Buses/Reverb.uexp" 799
"C:/Users/thefl/Documents/Unreal Projects/MorphPond/Content/FMOD/Buses/Player.uasset" 800
"C:/Users/thefl/Documents/Unreal Projects/MorphPond/Content/FMOD/Buses/Player.uexp" 801
"C:/Users/thefl/Documents/Unreal Projects/MorphPond/Content/FMOD/Buses/Music.uasset" 802
"C:/Users/thefl/Documents/Unreal Projects/MorphPond/Content/FMOD/Buses/Music.uexp" 803
"C:/Users/thefl/Documents/Unreal Projects/MorphPond/Content/FMOD/Buses/Enemy.uasset" 804
"C:/Users/thefl/Documents/Unreal Projects/MorphPond/Content/FMOD/Buses/Enemy.uexp" 805
"../../../Engine/Content/Maps/Entry_BuiltData.uasset" 806
"../../../Engine/Content/Maps/Entry_BuiltData.uexp" 807
"../../../Engine/Content/Maps/Entry.uexp" 808
"../../../Engine/Content/Maps/Entry.umap" 809
"../../../Engine/Content/BasicShapes/Plane.ubulk" 810
"../../../Engine/Content/BasicShapes/Plane.uasset" 811
"../../../Engine/Content/BasicShapes/Plane.uexp" 812
"C:/Users/thefl/Documents/Unreal Projects/MorphPond/Content/MorphPond/Materials/Textures/Canopy1.uasset" 813
"C:/Users/thefl/Documents/Unreal Projects/MorphPond/Content/MorphPond/Materials/Textures/Canopy1.uexp" 814
"C:/Users/thefl/Documents/Unreal Projects/MorphPond/Content/MorphPond/Materials/M_Canopy3.uasset" 815
"C:/Users/thefl/Documents/Unreal Projects/MorphPond/Content/MorphPond/Materials/M_Canopy3.uexp" 816
"C:/Users/thefl/Documents/Unreal Projects/MorphPond/Content/MorphPond/Materials/Textures/Canopy2.uasset" 817
"C:/Users/thefl/Documents/Unreal Projects/MorphPond/Content/MorphPond/Materials/Textures/Canopy2.uexp" 818
"C:/Users/thefl/Documents/Unreal Projects/MorphPond/Content/MorphPond/Materials/M_Canopy1.uasset" 819
"C:/Users/thefl/Documents/Unreal Projects/MorphPond/Content/MorphPond/Materials/M_Canopy1.uexp" 820
"C:/Users/thefl/Documents/Unreal Projects/MorphPond/Content/MorphPond/Materials/Textures/Canopy3.uasset" 821
"C:/Users/thefl/Documents/Unreal Projects/MorphPond/Content/MorphPond/Materials/Textures/Canopy3.uexp" 822
"C:/Users/thefl/Documents/Unreal Projects/MorphPond/Content/MorphPond/Materials/M_Canopy2.uasset" 823
"C:/Users/thefl/Documents/Unreal Projects/MorphPond/Content/MorphPond/Materials/M_Canopy2.uexp" 824
"C:/Users/thefl/Documents/Unreal Projects/MorphPond/Content/MorphPond/Materials/Pallete1/MA_Grass2.uasset" 825
"C:/Users/thefl/Documents/Unreal Projects/MorphPond/Content/MorphPond/Materials/Pallete1/MA_Grass2.uexp" 826
"C:/Users/thefl/Documents/Unreal Projects/MorphPond/Content/MorphPond/Materials/Pallete1/MA_Grass.uasset" 827
"C:/Users/thefl/Documents/Unreal Projects/MorphPond/Content/MorphPond/Materials/Pallete1/MA_Grass.uexp" 828
"C:/Users/thefl/Documents/Unreal Projects/MorphPond/Content/MorphPond/Materials/Textures/Canopy4.uasset" 829
"C:/Users/thefl/Documents/Unreal Projects/MorphPond/Content/MorphPond/Materials/Textures/Canopy4.uexp" 830
"C:/Users/thefl/Documents/Unreal Projects/MorphPond/Content/MorphPond/Materials/M_Canopy4.uasset" 831
"C:/Users/thefl/Documents/Unreal Projects/MorphPond/Content/MorphPond/Materials/M_Canopy4.uexp" 832
"C:/Users/thefl/Documents/Unreal Projects/MorphPond/Content/MorphPond/Objects/BP_CanopyPlane.uasset" 833
"C:/Users/thefl/Documents/Unreal Projects/MorphPond/Content/MorphPond/Objects/BP_CanopyPlane.uexp" 834
"../../../Engine/Content/EngineSky/T_Sky_Stars.ubulk" 835
"../../../Engine/Content/EngineSky/T_Sky_Stars.uasset" 836
"../../../Engine/Content/EngineSky/T_Sky_Stars.uexp" 837
"../../../Engine/Content/EngineSky/T_Sky_Clouds_M.ubulk" 838
"../../../Engine/Content/EngineSky/T_Sky_Clouds_M.uasset" 839
"../../../Engine/Content/EngineSky/T_Sky_Clouds_M.uexp" 840
"../../../Engine/Content/EngineSky/T_Sky_Blue.ubulk" 841
"../../../Engine/Content/EngineSky/T_Sky_Blue.uasset" 842
"../../../Engine/Content/EngineSky/T_Sky_Blue.uexp" 843
"../../../Engine/Content/EngineSky/M_Sky_Panning_Clouds2.uasset" 844
"../../../Engine/Content/EngineSky/M_Sky_Panning_Clouds2.uexp" 845
"../../../Engine/Content/EngineSky/SM_SkySphere.ubulk" 846
"../../../Engine/Content/EngineSky/SM_SkySphere.uasset" 847
"../../../Engine/Content/EngineSky/SM_SkySphere.uexp" 848
"C:/Users/thefl/Documents/Unreal Projects/MorphPond/Content/MorphPond/Characters/Enemy/BP_EnemySpawner.uasset" 849
"C:/Users/thefl/Documents/Unreal Projects/MorphPond/Content/MorphPond/Characters/Enemy/BP_EnemySpawner.uexp" 850
"../../../Engine/Content/MapTemplates/SM_Template_Map_Floor.ubulk" 851
"../../../Engine/Content/MapTemplates/SM_Template_Map_Floor.uasset" 852
"../../../Engine/Content/MapTemplates/SM_Template_Map_Floor.uexp" 853
"../../../Engine/Content/BasicShapes/Cylinder.ubulk" 854
"../../../Engine/Content/BasicShapes/Cylinder.uasset" 855
"../../../Engine/Content/BasicShapes/Cylinder.uexp" 856
"C:/Users/thefl/Documents/Unreal Projects/MorphPond/Content/MorphPond/Materials/MA_CoolStone.uasset" 857
"C:/Users/thefl/Documents/Unreal Projects/MorphPond/Content/MorphPond/Materials/MA_CoolStone.uexp" 858
"C:/Users/thefl/Documents/Unreal Projects/MorphPond/Content/MorphPond/Materials/Pallete1/MA_Creature4.uasset" 859
"C:/Users/thefl/Documents/Unreal Projects/MorphPond/Content/MorphPond/Materials/Pallete1/MA_Creature4.uexp" 860
"C:/Users/thefl/Documents/Unreal Projects/MorphPond/Content/MorphPond/Characters/Enemy/AI/BTTask_StartCannonballAttack.uasset" 861
"C:/Users/thefl/Documents/Unreal Projects/MorphPond/Content/MorphPond/Characters/Enemy/AI/BTTask_StartCannonballAttack.uexp" 862
"C:/Users/thefl/Documents/Unreal Projects/MorphPond/Content/MorphPond/Characters/Enemy/AI/BTTask_CannonballAttack.uasset" 863
"C:/Users/thefl/Documents/Unreal Projects/MorphPond/Content/MorphPond/Characters/Enemy/AI/BTTask_CannonballAttack.uexp" 864
"C:/Users/thefl/Documents/Unreal Projects/MorphPond/Content/MorphPond/Characters/Enemy/Cannonball/BT_Cannonball.uasset" 865
"C:/Users/thefl/Documents/Unreal Projects/MorphPond/Content/MorphPond/Characters/Enemy/Cannonball/BT_Cannonball.uexp" 866
"C:/Users/thefl/Documents/Unreal Projects/MorphPond/Content/MorphPond/Characters/Enemy/Cannonball/BP_EnemyCannonball.uasset" 867
"C:/Users/thefl/Documents/Unreal Projects/MorphPond/Content/MorphPond/Characters/Enemy/Cannonball/BP_EnemyCannonball.uexp" 868
"C:/Users/thefl/Documents/Unreal Projects/MorphPond/Content/MorphPond/Materials/MA_PulseBlue.uasset" 869
"C:/Users/thefl/Documents/Unreal Projects/MorphPond/Content/MorphPond/Materials/MA_PulseBlue.uexp" 870
"C:/Users/thefl/Documents/Unreal Projects/MorphPond/Content/MorphPond/Characters/Enemy/AI/BTTask_TongueAttack.uasset" 871
"C:/Users/thefl/Documents/Unreal Projects/MorphPond/Content/MorphPond/Characters/Enemy/AI/BTTask_TongueAttack.uexp" 872
"C:/Users/thefl/Documents/Unreal Projects/MorphPond/Content/MorphPond/Characters/Enemy/Gwump/BT_Gwump.uasset" 873
"C:/Users/thefl/Documents/Unreal Projects/MorphPond/Content/MorphPond/Characters/Enemy/Gwump/BT_Gwump.uexp" 874
"C:/Users/thefl/Documents/Unreal Projects/MorphPond/Content/MorphPond/Materials/Pallete1/MA_Creature3.uasset" 875
"C:/Users/thefl/Documents/Unreal Projects/MorphPond/Content/MorphPond/Materials/Pallete1/MA_Creature3.uexp" 876
"C:/Users/thefl/Documents/Unreal Projects/MorphPond/Content/MorphPond/Characters/Enemy/Gwump/BP_EnemyGwump.uasset" 877
"C:/Users/thefl/Documents/Unreal Projects/MorphPond/Content/MorphPond/Characters/Enemy/Gwump/BP_EnemyGwump.uexp" 878
"C:/Users/thefl/Documents/Unreal Projects/MorphPond/Content/MorphPond/UI/WB_PondTally.uasset" 879
"C:/Users/thefl/Documents/Unreal Projects/MorphPond/Content/MorphPond/UI/WB_PondTally.uexp" 880
"C:/Users/thefl/Documents/Unreal Projects/MorphPond/Content/MorphPond/Characters/Enemy/Smallenemy/BP_SmallEnemy.uasset" 881
"C:/Users/thefl/Documents/Unreal Projects/MorphPond/Content/MorphPond/Characters/Enemy/Smallenemy/BP_SmallEnemy.uexp" 882
"C:/Users/thefl/Documents/Unreal Projects/MorphPond/Content/MorphPond/Materials/MA_Water.uasset" 883
"C:/Users/thefl/Documents/Unreal Projects/MorphPond/Content/MorphPond/Materials/MA_Water.uexp" 884
"C:/Users/thefl/Documents/Unreal Projects/MorphPond/Content/MorphPond/Objects/BP_MorphPond.uasset" 885
"C:/Users/thefl/Documents/Unreal Projects/MorphPond/Content/MorphPond/Objects/BP_MorphPond.uexp" 886
"../../../Engine/Content/BasicShapes/Cube.ubulk" 887
"../../../Engine/Content/BasicShapes/Cube.uasset" 888
"../../../Engine/Content/BasicShapes/Cube.uexp" 889
"C:/Users/thefl/Documents/Unreal Projects/MorphPond/Content/MorphPond/Materials/Textures/LeafyCover.uasset" 890
"C:/Users/thefl/Documents/Unreal Projects/MorphPond/Content/MorphPond/Materials/Textures/LeafyCover.uexp" 891
"C:/Users/thefl/Documents/Unreal Projects/MorphPond/Content/MorphPond/Materials/Bush/M_BushLeaves.uasset" 892
"C:/Users/thefl/Documents/Unreal Projects/MorphPond/Content/MorphPond/Materials/Bush/M_BushLeaves.uexp" 893
"C:/Users/thefl/Documents/Unreal Projects/MorphPond/Content/MorphPond/Materials/Bush/MA_BushWobble.uasset" 894
"C:/Users/thefl/Documents/Unreal Projects/MorphPond/Content/MorphPond/Materials/Bush/MA_BushWobble.uexp" 895
"C:/Users/thefl/Documents/Unreal Projects/MorphPond/Content/MorphPond/Materials/Bush/MA_Bush.uasset" 896
"C:/Users/thefl/Documents/Unreal Projects/MorphPond/Content/MorphPond/Materials/Bush/MA_Bush.uexp" 897
"C:/Users/thefl/Documents/Unreal Projects/MorphPond/Content/MorphPond/Objects/BP_ReedBush.uasset" 898
"C:/Users/thefl/Documents/Unreal Projects/MorphPond/Content/MorphPond/Objects/BP_ReedBush.uexp" 899
"C:/Users/thefl/Documents/Unreal Projects/MorphPond/Content/MorphPond/Materials/PostProcess/M_Retro.uasset" 900
"C:/Users/thefl/Documents/Unreal Projects/MorphPond/Content/MorphPond/Materials/PostProcess/M_Retro.uexp" 901
"C:/Users/thefl/Documents/Unreal Projects/MorphPond/Content/MorphPond/Maps/Test.uexp" 902
"C:/Users/thefl/Documents/Unreal Projects/MorphPond/Content/MorphPond/Maps/Test.umap" 903
